Analysis & Synthesis report for lab7_usb
Sun Oct 19 22:09:40 2014
Quartus II 64-Bit Version 14.0.0 Build 200 06/17/2014 SJ Web Edition


---------------------
; Table of Contents ;
---------------------
  1. Legal Notice
  2. Analysis & Synthesis Summary
  3. Analysis & Synthesis Settings
  4. Parallel Compilation
  5. Analysis & Synthesis IP Cores Summary
  6. Analysis & Synthesis Messages
  7. Analysis & Synthesis Suppressed Messages



----------------
; Legal Notice ;
----------------
Copyright (C) 1991-2014 Altera Corporation. All rights reserved.
Your use of Altera Corporation's design tools, logic functions 
and other software and tools, and its AMPP partner logic 
functions, and any output files from any of the foregoing 
(including device programming or simulation files), and any 
associated documentation or information are expressly subject 
to the terms and conditions of the Altera Program License 
Subscription Agreement, the Altera Quartus II License Agreement,
the Altera MegaCore Function License Agreement, or other 
applicable license agreement, including, without limitation, 
that your use is for the sole purpose of programming logic 
devices manufactured by Altera and sold by Altera or its 
authorized distributors.  Please refer to the applicable 
agreement for further details.



+---------------------------------------------------------------------------------+
; Analysis & Synthesis Summary                                                    ;
+------------------------------------+--------------------------------------------+
; Analysis & Synthesis Status        ; Failed - Sun Oct 19 22:09:40 2014          ;
; Quartus II 64-Bit Version          ; 14.0.0 Build 200 06/17/2014 SJ Web Edition ;
; Revision Name                      ; lab7_usb                                   ;
; Top-level Entity Name              ; lab7_usb                                   ;
; Family                             ; Cyclone IV E                               ;
; Total logic elements               ; N/A until Partition Merge                  ;
;     Total combinational functions  ; N/A until Partition Merge                  ;
;     Dedicated logic registers      ; N/A until Partition Merge                  ;
; Total registers                    ; N/A until Partition Merge                  ;
; Total pins                         ; N/A until Partition Merge                  ;
; Total virtual pins                 ; N/A until Partition Merge                  ;
; Total memory bits                  ; N/A until Partition Merge                  ;
; Embedded Multiplier 9-bit elements ; N/A until Partition Merge                  ;
; Total PLLs                         ; N/A until Partition Merge                  ;
+------------------------------------+--------------------------------------------+


+----------------------------------------------------------------------------------------------------------------------+
; Analysis & Synthesis Settings                                                                                        ;
+----------------------------------------------------------------------------+--------------------+--------------------+
; Option                                                                     ; Setting            ; Default Value      ;
+----------------------------------------------------------------------------+--------------------+--------------------+
; Device                                                                     ; EP4CE115F29C7      ;                    ;
; Top-level entity name                                                      ; lab7_usb           ; lab7_usb           ;
; Family name                                                                ; Cyclone IV E       ; Cyclone IV GX      ;
; Verilog Show LMF Mapping Messages                                          ; Off                ;                    ;
; Verilog Version                                                            ; SystemVerilog_2005 ; Verilog_2001       ;
; Use smart compilation                                                      ; Off                ; Off                ;
; Enable parallel Assembler and TimeQuest Timing Analyzer during compilation ; On                 ; On                 ;
; Enable compact report table                                                ; Off                ; Off                ;
; Restructure Multiplexers                                                   ; Auto               ; Auto               ;
; Create Debugging Nodes for IP Cores                                        ; Off                ; Off                ;
; Preserve fewer node names                                                  ; On                 ; On                 ;
; Disable OpenCore Plus hardware evaluation                                  ; Off                ; Off                ;
; VHDL Version                                                               ; VHDL_1993          ; VHDL_1993          ;
; State Machine Processing                                                   ; Auto               ; Auto               ;
; Safe State Machine                                                         ; Off                ; Off                ;
; Extract Verilog State Machines                                             ; On                 ; On                 ;
; Extract VHDL State Machines                                                ; On                 ; On                 ;
; Ignore Verilog initial constructs                                          ; Off                ; Off                ;
; Iteration limit for constant Verilog loops                                 ; 5000               ; 5000               ;
; Iteration limit for non-constant Verilog loops                             ; 250                ; 250                ;
; Add Pass-Through Logic to Inferred RAMs                                    ; On                 ; On                 ;
; Infer RAMs from Raw Logic                                                  ; On                 ; On                 ;
; Parallel Synthesis                                                         ; On                 ; On                 ;
; DSP Block Balancing                                                        ; Auto               ; Auto               ;
; NOT Gate Push-Back                                                         ; On                 ; On                 ;
; Power-Up Don't Care                                                        ; On                 ; On                 ;
; Remove Redundant Logic Cells                                               ; Off                ; Off                ;
; Remove Duplicate Registers                                                 ; On                 ; On                 ;
; Ignore CARRY Buffers                                                       ; Off                ; Off                ;
; Ignore CASCADE Buffers                                                     ; Off                ; Off                ;
; Ignore GLOBAL Buffers                                                      ; Off                ; Off                ;
; Ignore ROW GLOBAL Buffers                                                  ; Off                ; Off                ;
; Ignore LCELL Buffers                                                       ; Off                ; Off                ;
; Ignore SOFT Buffers                                                        ; On                 ; On                 ;
; Limit AHDL Integers to 32 Bits                                             ; Off                ; Off                ;
; Optimization Technique                                                     ; Balanced           ; Balanced           ;
; Carry Chain Length                                                         ; 70                 ; 70                 ;
; Auto Carry Chains                                                          ; On                 ; On                 ;
; Auto Open-Drain Pins                                                       ; On                 ; On                 ;
; Perform WYSIWYG Primitive Resynthesis                                      ; Off                ; Off                ;
; Auto ROM Replacement                                                       ; On                 ; On                 ;
; Auto RAM Replacement                                                       ; On                 ; On                 ;
; Auto DSP Block Replacement                                                 ; On                 ; On                 ;
; Auto Shift Register Replacement                                            ; Auto               ; Auto               ;
; Allow Shift Register Merging across Hierarchies                            ; Auto               ; Auto               ;
; Auto Clock Enable Replacement                                              ; On                 ; On                 ;
; Strict RAM Replacement                                                     ; Off                ; Off                ;
; Allow Synchronous Control Signals                                          ; On                 ; On                 ;
; Force Use of Synchronous Clear Signals                                     ; Off                ; Off                ;
; Auto RAM Block Balancing                                                   ; On                 ; On                 ;
; Auto RAM to Logic Cell Conversion                                          ; Off                ; Off                ;
; Auto Resource Sharing                                                      ; Off                ; Off                ;
; Allow Any RAM Size For Recognition                                         ; Off                ; Off                ;
; Allow Any ROM Size For Recognition                                         ; Off                ; Off                ;
; Allow Any Shift Register Size For Recognition                              ; Off                ; Off                ;
; Use LogicLock Constraints during Resource Balancing                        ; On                 ; On                 ;
; Ignore translate_off and synthesis_off directives                          ; Off                ; Off                ;
; Timing-Driven Synthesis                                                    ; On                 ; On                 ;
; Report Parameter Settings                                                  ; On                 ; On                 ;
; Report Source Assignments                                                  ; On                 ; On                 ;
; Report Connectivity Checks                                                 ; On                 ; On                 ;
; Ignore Maximum Fan-Out Assignments                                         ; Off                ; Off                ;
; Synchronization Register Chain Length                                      ; 2                  ; 2                  ;
; PowerPlay Power Optimization                                               ; Normal compilation ; Normal compilation ;
; HDL message level                                                          ; Level2             ; Level2             ;
; Suppress Register Optimization Related Messages                            ; Off                ; Off                ;
; Number of Removed Registers Reported in Synthesis Report                   ; 5000               ; 5000               ;
; Number of Swept Nodes Reported in Synthesis Report                         ; 5000               ; 5000               ;
; Number of Inverted Registers Reported in Synthesis Report                  ; 100                ; 100                ;
; Clock MUX Protection                                                       ; On                 ; On                 ;
; Auto Gated Clock Conversion                                                ; Off                ; Off                ;
; Block Design Naming                                                        ; Auto               ; Auto               ;
; SDC constraint protection                                                  ; Off                ; Off                ;
; Synthesis Effort                                                           ; Auto               ; Auto               ;
; Shift Register Replacement - Allow Asynchronous Clear Signal               ; On                 ; On                 ;
; Pre-Mapping Resynthesis Optimization                                       ; Off                ; Off                ;
; Analysis & Synthesis Message Level                                         ; Medium             ; Medium             ;
; Disable Register Merging Across Hierarchies                                ; Auto               ; Auto               ;
; Resource Aware Inference For Block RAM                                     ; On                 ; On                 ;
; Synthesis Seed                                                             ; 1                  ; 1                  ;
+----------------------------------------------------------------------------+--------------------+--------------------+


Parallel compilation was disabled, but you have multiple processors available. Enable parallel compilation to reduce compilation time.
+-------------------------------------+
; Parallel Compilation                ;
+----------------------------+--------+
; Processors                 ; Number ;
+----------------------------+--------+
; Number detected on machine ; 8      ;
; Maximum allowed            ; 1      ;
+----------------------------+--------+


+----------------------------------------------------------------------------------------------------------------------------------------------------------------------------------------------------------------------------------------------------------------------------------------------------+
; Analysis & Synthesis IP Cores Summary                                                                                                                                                                                                                                                              ;
+--------+------------------------------------------+---------+--------------+--------------+-----------------------------------------------------------------------------------------------------------------------------------------------------------+--------------------------------------------+
; Vendor ; IP Core Name                             ; Version ; Release Date ; License Type ; Entity Instance                                                                                                                                           ; IP Include File                            ;
+--------+------------------------------------------+---------+--------------+--------------+-----------------------------------------------------------------------------------------------------------------------------------------------------------+--------------------------------------------+
; N/A    ; Qsys                                     ; 14.0    ; N/A          ; N/A          ; |lab7_usb|usb_system:usbsys_instance                                                                                                                      ; usb_system/synthesis/../../usb_system.qsys ;
; Altera ; altera_avalon_mm_clock_crossing_bridge   ; 14.0    ; N/A          ; N/A          ; |lab7_usb|usb_system:usbsys_instance|altera_avalon_mm_clock_crossing_bridge:clock_crossing_io                                                             ; usb_system/synthesis/../../usb_system.qsys ;
; Altera ; altpll                                   ; 14.0    ; N/A          ; N/A          ; |lab7_usb|usb_system:usbsys_instance|usb_system_clocks:clocks                                                                                             ; usb_system/synthesis/../../usb_system.qsys ;
; Altera ; altera_nios2_qsys                        ; 14.0    ; N/A          ; N/A          ; |lab7_usb|usb_system:usbsys_instance|usb_system_cpu:cpu                                                                                                   ; usb_system/synthesis/../../usb_system.qsys ;
; Altera ; altera_irq_mapper                        ; 14.0    ; N/A          ; N/A          ; |lab7_usb|usb_system:usbsys_instance|usb_system_irq_mapper:irq_mapper                                                                                     ; usb_system/synthesis/../../usb_system.qsys ;
; Altera ; altera_irq_clock_crosser                 ; 14.0    ; N/A          ; N/A          ; |lab7_usb|usb_system:usbsys_instance|altera_irq_clock_crosser:irq_synchronizer                                                                            ; usb_system/synthesis/../../usb_system.qsys ;
; Altera ; altera_avalon_jtag_uart                  ; 14.0    ; N/A          ; N/A          ; |lab7_usb|usb_system:usbsys_instance|usb_system_jtag_uart:jtag_uart                                                                                       ; usb_system/synthesis/../../usb_system.qsys ;
; Altera ; altera_avalon_pio                        ; 14.0    ; N/A          ; N/A          ; |lab7_usb|usb_system:usbsys_instance|usb_system_keycode:keycode                                                                                           ; usb_system/synthesis/../../usb_system.qsys ;
; Altera ; altera_mm_interconnect                   ; 14.0    ; N/A          ; N/A          ; |lab7_usb|usb_system:usbsys_instance|usb_system_mm_interconnect_0:mm_interconnect_0                                                                       ; usb_system/synthesis/../../usb_system.qsys ;
; Altera ; altera_merlin_slave_agent                ; 14.0    ; N/A          ; N/A          ; |lab7_usb|usb_system:usbsys_instance|usb_system_mm_interconnect_0:mm_interconnect_0|altera_merlin_slave_agent:clock_crossing_io_s0_agent                  ; usb_system/synthesis/../../usb_system.qsys ;
; Altera ; altera_avalon_sc_fifo                    ; 14.0    ; N/A          ; N/A          ; |lab7_usb|usb_system:usbsys_instance|usb_system_mm_interconnect_0:mm_interconnect_0|altera_avalon_sc_fifo:clock_crossing_io_s0_agent_rsp_fifo             ; usb_system/synthesis/../../usb_system.qsys ;
; Altera ; altera_merlin_slave_translator           ; 14.0    ; N/A          ; N/A          ; |lab7_usb|usb_system:usbsys_instance|usb_system_mm_interconnect_0:mm_interconnect_0|altera_merlin_slave_translator:clock_crossing_io_s0_translator        ; usb_system/synthesis/../../usb_system.qsys ;
; Altera ; altera_merlin_slave_agent                ; 14.0    ; N/A          ; N/A          ; |lab7_usb|usb_system:usbsys_instance|usb_system_mm_interconnect_0:mm_interconnect_0|altera_merlin_slave_agent:clocks_pll_slave_agent                      ; usb_system/synthesis/../../usb_system.qsys ;
; Altera ; altera_avalon_sc_fifo                    ; 14.0    ; N/A          ; N/A          ; |lab7_usb|usb_system:usbsys_instance|usb_system_mm_interconnect_0:mm_interconnect_0|altera_avalon_sc_fifo:clocks_pll_slave_agent_rsp_fifo                 ; usb_system/synthesis/../../usb_system.qsys ;
; Altera ; altera_merlin_slave_translator           ; 14.0    ; N/A          ; N/A          ; |lab7_usb|usb_system:usbsys_instance|usb_system_mm_interconnect_0:mm_interconnect_0|altera_merlin_slave_translator:clocks_pll_slave_translator            ; usb_system/synthesis/../../usb_system.qsys ;
; Altera ; altera_merlin_demultiplexer              ; 14.0    ; N/A          ; N/A          ; |lab7_usb|usb_system:usbsys_instance|usb_system_mm_interconnect_0:mm_interconnect_0|usb_system_mm_interconnect_0_cmd_demux:cmd_demux                      ; usb_system/synthesis/../../usb_system.qsys ;
; Altera ; altera_merlin_demultiplexer              ; 14.0    ; N/A          ; N/A          ; |lab7_usb|usb_system:usbsys_instance|usb_system_mm_interconnect_0:mm_interconnect_0|usb_system_mm_interconnect_0_cmd_demux_001:cmd_demux_001              ; usb_system/synthesis/../../usb_system.qsys ;
; Altera ; altera_merlin_multiplexer                ; 14.0    ; N/A          ; N/A          ; |lab7_usb|usb_system:usbsys_instance|usb_system_mm_interconnect_0:mm_interconnect_0|usb_system_mm_interconnect_0_cmd_mux:cmd_mux                          ; usb_system/synthesis/../../usb_system.qsys ;
; Altera ; altera_merlin_multiplexer                ; 14.0    ; N/A          ; N/A          ; |lab7_usb|usb_system:usbsys_instance|usb_system_mm_interconnect_0:mm_interconnect_0|usb_system_mm_interconnect_0_cmd_mux:cmd_mux_001                      ; usb_system/synthesis/../../usb_system.qsys ;
; Altera ; altera_merlin_multiplexer                ; 14.0    ; N/A          ; N/A          ; |lab7_usb|usb_system:usbsys_instance|usb_system_mm_interconnect_0:mm_interconnect_0|usb_system_mm_interconnect_0_cmd_mux:cmd_mux_002                      ; usb_system/synthesis/../../usb_system.qsys ;
; Altera ; altera_merlin_multiplexer                ; 14.0    ; N/A          ; N/A          ; |lab7_usb|usb_system:usbsys_instance|usb_system_mm_interconnect_0:mm_interconnect_0|usb_system_mm_interconnect_0_cmd_mux_003:cmd_mux_003                  ; usb_system/synthesis/../../usb_system.qsys ;
; Altera ; altera_merlin_multiplexer                ; 14.0    ; N/A          ; N/A          ; |lab7_usb|usb_system:usbsys_instance|usb_system_mm_interconnect_0:mm_interconnect_0|usb_system_mm_interconnect_0_cmd_mux_003:cmd_mux_004                  ; usb_system/synthesis/../../usb_system.qsys ;
; Altera ; altera_merlin_multiplexer                ; 14.0    ; N/A          ; N/A          ; |lab7_usb|usb_system:usbsys_instance|usb_system_mm_interconnect_0:mm_interconnect_0|usb_system_mm_interconnect_0_cmd_mux_003:cmd_mux_005                  ; usb_system/synthesis/../../usb_system.qsys ;
; Altera ; altera_merlin_master_agent               ; 14.0    ; N/A          ; N/A          ; |lab7_usb|usb_system:usbsys_instance|usb_system_mm_interconnect_0:mm_interconnect_0|altera_merlin_master_agent:cpu_data_master_agent                      ; usb_system/synthesis/../../usb_system.qsys ;
; Altera ; altera_merlin_master_translator          ; 14.0    ; N/A          ; N/A          ; |lab7_usb|usb_system:usbsys_instance|usb_system_mm_interconnect_0:mm_interconnect_0|altera_merlin_master_translator:cpu_data_master_translator            ; usb_system/synthesis/../../usb_system.qsys ;
; Altera ; altera_merlin_master_agent               ; 14.0    ; N/A          ; N/A          ; |lab7_usb|usb_system:usbsys_instance|usb_system_mm_interconnect_0:mm_interconnect_0|altera_merlin_master_agent:cpu_instruction_master_agent               ; usb_system/synthesis/../../usb_system.qsys ;
; Altera ; altera_merlin_master_translator          ; 14.0    ; N/A          ; N/A          ; |lab7_usb|usb_system:usbsys_instance|usb_system_mm_interconnect_0:mm_interconnect_0|altera_merlin_master_translator:cpu_instruction_master_translator     ; usb_system/synthesis/../../usb_system.qsys ;
; Altera ; altera_merlin_slave_agent                ; 14.0    ; N/A          ; N/A          ; |lab7_usb|usb_system:usbsys_instance|usb_system_mm_interconnect_0:mm_interconnect_0|altera_merlin_slave_agent:cpu_jtag_debug_module_agent                 ; usb_system/synthesis/../../usb_system.qsys ;
; Altera ; altera_avalon_sc_fifo                    ; 14.0    ; N/A          ; N/A          ; |lab7_usb|usb_system:usbsys_instance|usb_system_mm_interconnect_0:mm_interconnect_0|altera_avalon_sc_fifo:cpu_jtag_debug_module_agent_rsp_fifo            ; usb_system/synthesis/../../usb_system.qsys ;
; Altera ; altera_merlin_slave_translator           ; 14.0    ; N/A          ; N/A          ; |lab7_usb|usb_system:usbsys_instance|usb_system_mm_interconnect_0:mm_interconnect_0|altera_merlin_slave_translator:cpu_jtag_debug_module_translator       ; usb_system/synthesis/../../usb_system.qsys ;
; Altera ; altera_avalon_st_handshake_clock_crosser ; 14.0    ; N/A          ; N/A          ; |lab7_usb|usb_system:usbsys_instance|usb_system_mm_interconnect_0:mm_interconnect_0|altera_avalon_st_handshake_clock_crosser:crosser                      ; usb_system/synthesis/../../usb_system.qsys ;
; Altera ; altera_avalon_st_handshake_clock_crosser ; 14.0    ; N/A          ; N/A          ; |lab7_usb|usb_system:usbsys_instance|usb_system_mm_interconnect_0:mm_interconnect_0|altera_avalon_st_handshake_clock_crosser:crosser_001                  ; usb_system/synthesis/../../usb_system.qsys ;
; Altera ; altera_avalon_st_handshake_clock_crosser ; 14.0    ; N/A          ; N/A          ; |lab7_usb|usb_system:usbsys_instance|usb_system_mm_interconnect_0:mm_interconnect_0|altera_avalon_st_handshake_clock_crosser:crosser_002                  ; usb_system/synthesis/../../usb_system.qsys ;
; Altera ; altera_avalon_st_handshake_clock_crosser ; 14.0    ; N/A          ; N/A          ; |lab7_usb|usb_system:usbsys_instance|usb_system_mm_interconnect_0:mm_interconnect_0|altera_avalon_st_handshake_clock_crosser:crosser_003                  ; usb_system/synthesis/../../usb_system.qsys ;
; Altera ; altera_merlin_slave_agent                ; 14.0    ; N/A          ; N/A          ; |lab7_usb|usb_system:usbsys_instance|usb_system_mm_interconnect_0:mm_interconnect_0|altera_merlin_slave_agent:jtag_uart_avalon_jtag_slave_agent           ; usb_system/synthesis/../../usb_system.qsys ;
; Altera ; altera_avalon_sc_fifo                    ; 14.0    ; N/A          ; N/A          ; |lab7_usb|usb_system:usbsys_instance|usb_system_mm_interconnect_0:mm_interconnect_0|altera_avalon_sc_fifo:jtag_uart_avalon_jtag_slave_agent_rsp_fifo      ; usb_system/synthesis/../../usb_system.qsys ;
; Altera ; altera_merlin_slave_translator           ; 14.0    ; N/A          ; N/A          ; |lab7_usb|usb_system:usbsys_instance|usb_system_mm_interconnect_0:mm_interconnect_0|altera_merlin_slave_translator:jtag_uart_avalon_jtag_slave_translator ; usb_system/synthesis/../../usb_system.qsys ;
; Altera ; altera_merlin_slave_agent                ; 14.0    ; N/A          ; N/A          ; |lab7_usb|usb_system:usbsys_instance|usb_system_mm_interconnect_0:mm_interconnect_0|altera_merlin_slave_agent:keycode_s1_agent                            ; usb_system/synthesis/../../usb_system.qsys ;
; Altera ; altera_avalon_sc_fifo                    ; 14.0    ; N/A          ; N/A          ; |lab7_usb|usb_system:usbsys_instance|usb_system_mm_interconnect_0:mm_interconnect_0|altera_avalon_sc_fifo:keycode_s1_agent_rsp_fifo                       ; usb_system/synthesis/../../usb_system.qsys ;
; Altera ; altera_merlin_slave_translator           ; 14.0    ; N/A          ; N/A          ; |lab7_usb|usb_system:usbsys_instance|usb_system_mm_interconnect_0:mm_interconnect_0|altera_merlin_slave_translator:keycode_s1_translator                  ; usb_system/synthesis/../../usb_system.qsys ;
; Altera ; altera_merlin_router                     ; 14.0    ; N/A          ; N/A          ; |lab7_usb|usb_system:usbsys_instance|usb_system_mm_interconnect_0:mm_interconnect_0|usb_system_mm_interconnect_0_router:router                            ; usb_system/synthesis/../../usb_system.qsys ;
; Altera ; altera_merlin_router                     ; 14.0    ; N/A          ; N/A          ; |lab7_usb|usb_system:usbsys_instance|usb_system_mm_interconnect_0:mm_interconnect_0|usb_system_mm_interconnect_0_router_001:router_001                    ; usb_system/synthesis/../../usb_system.qsys ;
; Altera ; altera_merlin_router                     ; 14.0    ; N/A          ; N/A          ; |lab7_usb|usb_system:usbsys_instance|usb_system_mm_interconnect_0:mm_interconnect_0|usb_system_mm_interconnect_0_router_002:router_002                    ; usb_system/synthesis/../../usb_system.qsys ;
; Altera ; altera_merlin_router                     ; 14.0    ; N/A          ; N/A          ; |lab7_usb|usb_system:usbsys_instance|usb_system_mm_interconnect_0:mm_interconnect_0|usb_system_mm_interconnect_0_router_002:router_003                    ; usb_system/synthesis/../../usb_system.qsys ;
; Altera ; altera_merlin_router                     ; 14.0    ; N/A          ; N/A          ; |lab7_usb|usb_system:usbsys_instance|usb_system_mm_interconnect_0:mm_interconnect_0|usb_system_mm_interconnect_0_router_002:router_004                    ; usb_system/synthesis/../../usb_system.qsys ;
; Altera ; altera_merlin_router                     ; 14.0    ; N/A          ; N/A          ; |lab7_usb|usb_system:usbsys_instance|usb_system_mm_interconnect_0:mm_interconnect_0|usb_system_mm_interconnect_0_router_005:router_005                    ; usb_system/synthesis/../../usb_system.qsys ;
; Altera ; altera_merlin_router                     ; 14.0    ; N/A          ; N/A          ; |lab7_usb|usb_system:usbsys_instance|usb_system_mm_interconnect_0:mm_interconnect_0|usb_system_mm_interconnect_0_router_005:router_006                    ; usb_system/synthesis/../../usb_system.qsys ;
; Altera ; altera_merlin_router                     ; 14.0    ; N/A          ; N/A          ; |lab7_usb|usb_system:usbsys_instance|usb_system_mm_interconnect_0:mm_interconnect_0|usb_system_mm_interconnect_0_router_005:router_007                    ; usb_system/synthesis/../../usb_system.qsys ;
; Altera ; altera_merlin_demultiplexer              ; 14.0    ; N/A          ; N/A          ; |lab7_usb|usb_system:usbsys_instance|usb_system_mm_interconnect_0:mm_interconnect_0|usb_system_mm_interconnect_0_rsp_demux:rsp_demux                      ; usb_system/synthesis/../../usb_system.qsys ;
; Altera ; altera_merlin_demultiplexer              ; 14.0    ; N/A          ; N/A          ; |lab7_usb|usb_system:usbsys_instance|usb_system_mm_interconnect_0:mm_interconnect_0|usb_system_mm_interconnect_0_rsp_demux:rsp_demux_001                  ; usb_system/synthesis/../../usb_system.qsys ;
; Altera ; altera_merlin_demultiplexer              ; 14.0    ; N/A          ; N/A          ; |lab7_usb|usb_system:usbsys_instance|usb_system_mm_interconnect_0:mm_interconnect_0|usb_system_mm_interconnect_0_rsp_demux:rsp_demux_002                  ; usb_system/synthesis/../../usb_system.qsys ;
; Altera ; altera_merlin_demultiplexer              ; 14.0    ; N/A          ; N/A          ; |lab7_usb|usb_system:usbsys_instance|usb_system_mm_interconnect_0:mm_interconnect_0|usb_system_mm_interconnect_0_rsp_demux_003:rsp_demux_003              ; usb_system/synthesis/../../usb_system.qsys ;
; Altera ; altera_merlin_demultiplexer              ; 14.0    ; N/A          ; N/A          ; |lab7_usb|usb_system:usbsys_instance|usb_system_mm_interconnect_0:mm_interconnect_0|usb_system_mm_interconnect_0_rsp_demux_003:rsp_demux_004              ; usb_system/synthesis/../../usb_system.qsys ;
; Altera ; altera_merlin_demultiplexer              ; 14.0    ; N/A          ; N/A          ; |lab7_usb|usb_system:usbsys_instance|usb_system_mm_interconnect_0:mm_interconnect_0|usb_system_mm_interconnect_0_rsp_demux_003:rsp_demux_005              ; usb_system/synthesis/../../usb_system.qsys ;
; Altera ; altera_merlin_multiplexer                ; 14.0    ; N/A          ; N/A          ; |lab7_usb|usb_system:usbsys_instance|usb_system_mm_interconnect_0:mm_interconnect_0|usb_system_mm_interconnect_0_rsp_mux:rsp_mux                          ; usb_system/synthesis/../../usb_system.qsys ;
; Altera ; altera_merlin_multiplexer                ; 14.0    ; N/A          ; N/A          ; |lab7_usb|usb_system:usbsys_instance|usb_system_mm_interconnect_0:mm_interconnect_0|usb_system_mm_interconnect_0_rsp_mux_001:rsp_mux_001                  ; usb_system/synthesis/../../usb_system.qsys ;
; Altera ; altera_merlin_slave_agent                ; 14.0    ; N/A          ; N/A          ; |lab7_usb|usb_system:usbsys_instance|usb_system_mm_interconnect_0:mm_interconnect_0|altera_merlin_slave_agent:sdram_s1_agent                              ; usb_system/synthesis/../../usb_system.qsys ;
; Altera ; altera_avalon_sc_fifo                    ; 14.0    ; N/A          ; N/A          ; |lab7_usb|usb_system:usbsys_instance|usb_system_mm_interconnect_0:mm_interconnect_0|altera_avalon_sc_fifo:sdram_s1_agent_rdata_fifo                       ; usb_system/synthesis/../../usb_system.qsys ;
; Altera ; altera_avalon_sc_fifo                    ; 14.0    ; N/A          ; N/A          ; |lab7_usb|usb_system:usbsys_instance|usb_system_mm_interconnect_0:mm_interconnect_0|altera_avalon_sc_fifo:sdram_s1_agent_rsp_fifo                         ; usb_system/synthesis/../../usb_system.qsys ;
; Altera ; altera_merlin_slave_translator           ; 14.0    ; N/A          ; N/A          ; |lab7_usb|usb_system:usbsys_instance|usb_system_mm_interconnect_0:mm_interconnect_0|altera_merlin_slave_translator:sdram_s1_translator                    ; usb_system/synthesis/../../usb_system.qsys ;
; Altera ; altera_mm_interconnect                   ; 14.0    ; N/A          ; N/A          ; |lab7_usb|usb_system:usbsys_instance|usb_system_mm_interconnect_1:mm_interconnect_1                                                                       ; usb_system/synthesis/../../usb_system.qsys ;
; Altera ; altera_merlin_master_translator          ; 14.0    ; N/A          ; N/A          ; |lab7_usb|usb_system:usbsys_instance|usb_system_mm_interconnect_1:mm_interconnect_1|altera_merlin_master_translator:clock_crossing_io_m0_translator       ; usb_system/synthesis/../../usb_system.qsys ;
; Altera ; altera_merlin_slave_translator           ; 14.0    ; N/A          ; N/A          ; |lab7_usb|usb_system:usbsys_instance|usb_system_mm_interconnect_1:mm_interconnect_1|altera_merlin_slave_translator:cy7c67200_if_0_hpi_translator          ; usb_system/synthesis/../../usb_system.qsys ;
; Altera ; altera_reset_controller                  ; 14.0    ; N/A          ; N/A          ; |lab7_usb|usb_system:usbsys_instance|altera_reset_controller:rst_controller                                                                               ; usb_system/synthesis/../../usb_system.qsys ;
; Altera ; altera_reset_controller                  ; 14.0    ; N/A          ; N/A          ; |lab7_usb|usb_system:usbsys_instance|altera_reset_controller:rst_controller_001                                                                           ; usb_system/synthesis/../../usb_system.qsys ;
; Altera ; altera_reset_controller                  ; 14.0    ; N/A          ; N/A          ; |lab7_usb|usb_system:usbsys_instance|altera_reset_controller:rst_controller_002                                                                           ; usb_system/synthesis/../../usb_system.qsys ;
; Altera ; altera_avalon_new_sdram_controller       ; 14.0    ; N/A          ; N/A          ; |lab7_usb|usb_system:usbsys_instance|usb_system_sdram:sdram                                                                                               ; usb_system/synthesis/../../usb_system.qsys ;
+--------+------------------------------------------+---------+--------------+--------------+-----------------------------------------------------------------------------------------------------------------------------------------------------------+--------------------------------------------+


+-------------------------------+
; Analysis & Synthesis Messages ;
+-------------------------------+
Info: *******************************************************************
Info: Running Quartus II 64-Bit Analysis & Synthesis
    Info: Version 14.0.0 Build 200 06/17/2014 SJ Web Edition
    Info: Processing started: Sun Oct 19 22:09:36 2014
Info: Command: quartus_map --read_settings_files=on --write_settings_files=off lab7_usb -c lab7_usb
Warning (20028): Parallel compilation is not licensed and has been disabled
Info (12021): Found 1 design units, including 1 entities, in source file lab7_usb.sv
    Info (12023): Found entity 1: lab7_usb
Info (12021): Found 1 design units, including 1 entities, in source file hexdriver.sv
    Info (12023): Found entity 1: HexDriver
Info (12021): Found 1 design units, including 1 entities, in source file usb_system/synthesis/usb_system.v
    Info (12023): Found entity 1: usb_system
Info (12021): Found 1 design units, including 1 entities, in source file usb_system/synthesis/submodules/altera_reset_controller.v
    Info (12023): Found entity 1: altera_reset_controller
Info (12021): Found 1 design units, including 1 entities, in source file usb_system/synthesis/submodules/altera_reset_synchronizer.v
    Info (12023): Found entity 1: altera_reset_synchronizer
Info (12021): Found 1 design units, including 1 entities, in source file usb_system/synthesis/submodules/altera_irq_clock_crosser.sv
    Info (12023): Found entity 1: altera_irq_clock_crosser
Info (12021): Found 1 design units, including 1 entities, in source file usb_system/synthesis/submodules/usb_system_irq_mapper.sv
    Info (12023): Found entity 1: usb_system_irq_mapper
Info (12021): Found 1 design units, including 1 entities, in source file usb_system/synthesis/submodules/usb_system_mm_interconnect_1.v
    Info (12023): Found entity 1: usb_system_mm_interconnect_1
Info (12021): Found 1 design units, including 1 entities, in source file usb_system/synthesis/submodules/altera_merlin_slave_translator.sv
    Info (12023): Found entity 1: altera_merlin_slave_translator
Info (12021): Found 1 design units, including 1 entities, in source file usb_system/synthesis/submodules/altera_merlin_master_translator.sv
    Info (12023): Found entity 1: altera_merlin_master_translator
Info (12021): Found 1 design units, including 1 entities, in source file usb_system/synthesis/submodules/usb_system_mm_interconnect_0.v
    Info (12023): Found entity 1: usb_system_mm_interconnect_0
Info (12021): Found 1 design units, including 1 entities, in source file usb_system/synthesis/submodules/altera_avalon_st_handshake_clock_crosser.v
    Info (12023): Found entity 1: altera_avalon_st_handshake_clock_crosser
Info (12021): Found 1 design units, including 1 entities, in source file usb_system/synthesis/submodules/altera_avalon_st_clock_crosser.v
    Info (12023): Found entity 1: altera_avalon_st_clock_crosser
Info (12021): Found 1 design units, including 1 entities, in source file usb_system/synthesis/submodules/altera_avalon_st_pipeline_base.v
    Info (12023): Found entity 1: altera_avalon_st_pipeline_base
Info (12021): Found 2 design units, including 2 entities, in source file usb_system/synthesis/submodules/altera_merlin_arbitrator.sv
    Info (12023): Found entity 1: altera_merlin_arbitrator
    Info (12023): Found entity 2: altera_merlin_arb_adder
Info (12021): Found 1 design units, including 1 entities, in source file usb_system/synthesis/submodules/usb_system_mm_interconnect_0_rsp_mux_001.sv
    Info (12023): Found entity 1: usb_system_mm_interconnect_0_rsp_mux_001
Info (12021): Found 1 design units, including 1 entities, in source file usb_system/synthesis/submodules/usb_system_mm_interconnect_0_rsp_mux.sv
    Info (12023): Found entity 1: usb_system_mm_interconnect_0_rsp_mux
Info (12021): Found 1 design units, including 1 entities, in source file usb_system/synthesis/submodules/usb_system_mm_interconnect_0_rsp_demux_003.sv
    Info (12023): Found entity 1: usb_system_mm_interconnect_0_rsp_demux_003
Info (12021): Found 1 design units, including 1 entities, in source file usb_system/synthesis/submodules/usb_system_mm_interconnect_0_rsp_demux.sv
    Info (12023): Found entity 1: usb_system_mm_interconnect_0_rsp_demux
Info (12021): Found 1 design units, including 1 entities, in source file usb_system/synthesis/submodules/usb_system_mm_interconnect_0_cmd_mux_003.sv
    Info (12023): Found entity 1: usb_system_mm_interconnect_0_cmd_mux_003
Info (12021): Found 1 design units, including 1 entities, in source file usb_system/synthesis/submodules/usb_system_mm_interconnect_0_cmd_mux.sv
    Info (12023): Found entity 1: usb_system_mm_interconnect_0_cmd_mux
Info (12021): Found 1 design units, including 1 entities, in source file usb_system/synthesis/submodules/usb_system_mm_interconnect_0_cmd_demux_001.sv
    Info (12023): Found entity 1: usb_system_mm_interconnect_0_cmd_demux_001
Info (12021): Found 1 design units, including 1 entities, in source file usb_system/synthesis/submodules/usb_system_mm_interconnect_0_cmd_demux.sv
    Info (12023): Found entity 1: usb_system_mm_interconnect_0_cmd_demux
Info (12021): Found 2 design units, including 2 entities, in source file usb_system/synthesis/submodules/usb_system_mm_interconnect_0_router_005.sv
    Info (12023): Found entity 1: usb_system_mm_interconnect_0_router_005_default_decode
    Info (12023): Found entity 2: usb_system_mm_interconnect_0_router_005
Info (12021): Found 2 design units, including 2 entities, in source file usb_system/synthesis/submodules/usb_system_mm_interconnect_0_router_002.sv
    Info (12023): Found entity 1: usb_system_mm_interconnect_0_router_002_default_decode
    Info (12023): Found entity 2: usb_system_mm_interconnect_0_router_002
Info (12021): Found 2 design units, including 2 entities, in source file usb_system/synthesis/submodules/usb_system_mm_interconnect_0_router_001.sv
    Info (12023): Found entity 1: usb_system_mm_interconnect_0_router_001_default_decode
    Info (12023): Found entity 2: usb_system_mm_interconnect_0_router_001
Info (12021): Found 2 design units, including 2 entities, in source file usb_system/synthesis/submodules/usb_system_mm_interconnect_0_router.sv
    Info (12023): Found entity 1: usb_system_mm_interconnect_0_router_default_decode
    Info (12023): Found entity 2: usb_system_mm_interconnect_0_router
Info (12021): Found 1 design units, including 1 entities, in source file usb_system/synthesis/submodules/altera_avalon_sc_fifo.v
    Info (12023): Found entity 1: altera_avalon_sc_fifo
Info (12021): Found 1 design units, including 1 entities, in source file usb_system/synthesis/submodules/altera_merlin_slave_agent.sv
    Info (12023): Found entity 1: altera_merlin_slave_agent
Info (12021): Found 1 design units, including 1 entities, in source file usb_system/synthesis/submodules/altera_merlin_burst_uncompressor.sv
    Info (12023): Found entity 1: altera_merlin_burst_uncompressor
Info (12021): Found 1 design units, including 1 entities, in source file usb_system/synthesis/submodules/altera_merlin_master_agent.sv
    Info (12023): Found entity 1: altera_merlin_master_agent
Info (12021): Found 1 design units, including 1 entities, in source file usb_system/synthesis/submodules/altera_avalon_mm_clock_crossing_bridge.v
    Info (12023): Found entity 1: altera_avalon_mm_clock_crossing_bridge
Info (12021): Found 1 design units, including 1 entities, in source file usb_system/synthesis/submodules/altera_avalon_dc_fifo.v
    Info (12023): Found entity 1: altera_avalon_dc_fifo
Info (12021): Found 1 design units, including 1 entities, in source file usb_system/synthesis/submodules/altera_dcfifo_synchronizer_bundle.v
    Info (12023): Found entity 1: altera_dcfifo_synchronizer_bundle
Info (12021): Found 1 design units, including 1 entities, in source file usb_system/synthesis/submodules/cy7c67200_if.v
    Info (12023): Found entity 1: CY7C67200_IF
Info (12021): Found 1 design units, including 1 entities, in source file usb_system/synthesis/submodules/usb_system_keycode.v
    Info (12023): Found entity 1: usb_system_keycode
Info (12021): Found 4 design units, including 4 entities, in source file usb_system/synthesis/submodules/usb_system_clocks.v
    Info (12023): Found entity 1: usb_system_clocks_dffpipe_l2c
    Info (12023): Found entity 2: usb_system_clocks_stdsync_sv6
    Info (12023): Found entity 3: usb_system_clocks_altpll_pqa2
    Info (12023): Found entity 4: usb_system_clocks
Info (12021): Found 21 design units, including 21 entities, in source file usb_system/synthesis/submodules/usb_system_cpu.v
    Info (12023): Found entity 1: usb_system_cpu_register_bank_a_module
    Info (12023): Found entity 2: usb_system_cpu_register_bank_b_module
    Info (12023): Found entity 3: usb_system_cpu_nios2_oci_debug
    Info (12023): Found entity 4: usb_system_cpu_ociram_sp_ram_module
    Info (12023): Found entity 5: usb_system_cpu_nios2_ocimem
    Info (12023): Found entity 6: usb_system_cpu_nios2_avalon_reg
    Info (12023): Found entity 7: usb_system_cpu_nios2_oci_break
    Info (12023): Found entity 8: usb_system_cpu_nios2_oci_xbrk
    Info (12023): Found entity 9: usb_system_cpu_nios2_oci_dbrk
    Info (12023): Found entity 10: usb_system_cpu_nios2_oci_itrace
    Info (12023): Found entity 11: usb_system_cpu_nios2_oci_td_mode
    Info (12023): Found entity 12: usb_system_cpu_nios2_oci_dtrace
    Info (12023): Found entity 13: usb_system_cpu_nios2_oci_compute_input_tm_cnt
    Info (12023): Found entity 14: usb_system_cpu_nios2_oci_fifo_wrptr_inc
    Info (12023): Found entity 15: usb_system_cpu_nios2_oci_fifo_cnt_inc
    Info (12023): Found entity 16: usb_system_cpu_nios2_oci_fifo
    Info (12023): Found entity 17: usb_system_cpu_nios2_oci_pib
    Info (12023): Found entity 18: usb_system_cpu_nios2_oci_im
    Info (12023): Found entity 19: usb_system_cpu_nios2_performance_monitors
    Info (12023): Found entity 20: usb_system_cpu_nios2_oci
    Info (12023): Found entity 21: usb_system_cpu
Info (12021): Found 1 design units, including 1 entities, in source file usb_system/synthesis/submodules/usb_system_cpu_jtag_debug_module_sysclk.v
    Info (12023): Found entity 1: usb_system_cpu_jtag_debug_module_sysclk
Info (12021): Found 1 design units, including 1 entities, in source file usb_system/synthesis/submodules/usb_system_cpu_jtag_debug_module_tck.v
    Info (12023): Found entity 1: usb_system_cpu_jtag_debug_module_tck
Info (12021): Found 1 design units, including 1 entities, in source file usb_system/synthesis/submodules/usb_system_cpu_jtag_debug_module_wrapper.v
    Info (12023): Found entity 1: usb_system_cpu_jtag_debug_module_wrapper
Info (12021): Found 1 design units, including 1 entities, in source file usb_system/synthesis/submodules/usb_system_cpu_oci_test_bench.v
    Info (12023): Found entity 1: usb_system_cpu_oci_test_bench
Info (12021): Found 1 design units, including 1 entities, in source file usb_system/synthesis/submodules/usb_system_cpu_test_bench.v
    Info (12023): Found entity 1: usb_system_cpu_test_bench
Info (12021): Found 5 design units, including 5 entities, in source file usb_system/synthesis/submodules/usb_system_jtag_uart.v
    Info (12023): Found entity 1: usb_system_jtag_uart_sim_scfifo_w
    Info (12023): Found entity 2: usb_system_jtag_uart_scfifo_w
    Info (12023): Found entity 3: usb_system_jtag_uart_sim_scfifo_r
    Info (12023): Found entity 4: usb_system_jtag_uart_scfifo_r
    Info (12023): Found entity 5: usb_system_jtag_uart
Info (12021): Found 2 design units, including 2 entities, in source file usb_system/synthesis/submodules/usb_system_sdram.v
    Info (12023): Found entity 1: usb_system_sdram_input_efifo_module
    Info (12023): Found entity 2: usb_system_sdram
Info (12021): Found 1 design units, including 1 entities, in source file vga_controller.sv
    Info (12023): Found entity 1: vga_controller
Info (12021): Found 1 design units, including 1 entities, in source file color_mapper.sv
    Info (12023): Found entity 1: color_mapper
Info (12021): Found 1 design units, including 1 entities, in source file ball.sv
    Info (12023): Found entity 1: ball
Info (12021): Found 1 design units, including 1 entities, in source file reg_8.sv
    Info (12023): Found entity 1: reg_8
Warning (10236): Verilog HDL Implicit Net warning at lab7_usb.sv(54): created implicit net for "OTG_FSPEED"
Warning (10236): Verilog HDL Implicit Net warning at lab7_usb.sv(55): created implicit net for "OTG_LSPEED"
Warning (10037): Verilog HDL or VHDL warning at usb_system_sdram.v(316): conditional expression evaluates to a constant
Warning (10037): Verilog HDL or VHDL warning at usb_system_sdram.v(326): conditional expression evaluates to a constant
Warning (10037): Verilog HDL or VHDL warning at usb_system_sdram.v(336): conditional expression evaluates to a constant
Warning (10037): Verilog HDL or VHDL warning at usb_system_sdram.v(680): conditional expression evaluates to a constant
Warning (10037): Verilog HDL or VHDL warning at usb_system_cpu.v(1605): conditional expression evaluates to a constant
Warning (10037): Verilog HDL or VHDL warning at usb_system_cpu.v(1607): conditional expression evaluates to a constant
Warning (10037): Verilog HDL or VHDL warning at usb_system_cpu.v(1763): conditional expression evaluates to a constant
Warning (10037): Verilog HDL or VHDL warning at usb_system_cpu.v(2587): conditional expression evaluates to a constant
Info (12127): Elaborating entity "lab7_usb" for the top level hierarchy
Warning (10036): Verilog HDL or VHDL warning at lab7_usb.sv(54): object "OTG_FSPEED" assigned a value but never read
Warning (10036): Verilog HDL or VHDL warning at lab7_usb.sv(55): object "OTG_LSPEED" assigned a value but never read
Warning (10034): Output port "HEX4" at lab7_usb.sv(15) has no driver
Warning (10034): Output port "HEX5" at lab7_usb.sv(15) has no driver
Warning (10034): Output port "HEX6" at lab7_usb.sv(15) has no driver
Warning (10034): Output port "HEX7" at lab7_usb.sv(15) has no driver
Warning (10034): Output port "LEDG" at lab7_usb.sv(16) has no driver
Warning (10034): Output port "LEDR" at lab7_usb.sv(17) has no driver
Info (12128): Elaborating entity "usb_system" for hierarchy "usb_system:usbsys_instance"
Info (12128): Elaborating entity "usb_system_sdram" for hierarchy "usb_system:usbsys_instance|usb_system_sdram:sdram"
Info (12128): Elaborating entity "usb_system_sdram_input_efifo_module" for hierarchy "usb_system:usbsys_instance|usb_system_sdram:sdram|usb_system_sdram_input_efifo_module:the_usb_system_sdram_input_efifo_module"
Info (12128): Elaborating entity "usb_system_jtag_uart" for hierarchy "usb_system:usbsys_instance|usb_system_jtag_uart:jtag_uart"
Info (12128): Elaborating entity "usb_system_jtag_uart_scfifo_w" for hierarchy "usb_system:usbsys_instance|usb_system_jtag_uart:jtag_uart|usb_system_jtag_uart_scfifo_w:the_usb_system_jtag_uart_scfifo_w"
Info (12128): Elaborating entity "scfifo" for hierarchy "usb_system:usbsys_instance|usb_system_jtag_uart:jtag_uart|usb_system_jtag_uart_scfifo_w:the_usb_system_jtag_uart_scfifo_w|scfifo:wfifo"
Info (12130): Elaborated megafunction instantiation "usb_system:usbsys_instance|usb_system_jtag_uart:jtag_uart|usb_system_jtag_uart_scfifo_w:the_usb_system_jtag_uart_scfifo_w|scfifo:wfifo"
Info (12133): Instantiated megafunction "usb_system:usbsys_instance|usb_system_jtag_uart:jtag_uart|usb_system_jtag_uart_scfifo_w:the_usb_system_jtag_uart_scfifo_w|scfifo:wfifo" with the following parameter:
    Info (12134): Parameter "lpm_hint" = "RAM_BLOCK_TYPE=AUTO"
    Info (12134): Parameter "lpm_numwords" = "64"
    Info (12134): Parameter "lpm_showahead" = "OFF"
    Info (12134): Parameter "lpm_type" = "scfifo"
    Info (12134): Parameter "lpm_width" = "8"
    Info (12134): Parameter "lpm_widthu" = "6"
    Info (12134): Parameter "overflow_checking" = "OFF"
    Info (12134): Parameter "underflow_checking" = "OFF"
    Info (12134): Parameter "use_eab" = "ON"
Info (12021): Found 1 design units, including 1 entities, in source file db/scfifo_jr21.tdf
    Info (12023): Found entity 1: scfifo_jr21
Info (12128): Elaborating entity "scfifo_jr21" for hierarchy "usb_system:usbsys_instance|usb_system_jtag_uart:jtag_uart|usb_system_jtag_uart_scfifo_w:the_usb_system_jtag_uart_scfifo_w|scfifo:wfifo|scfifo_jr21:auto_generated"
Info (12021): Found 1 design units, including 1 entities, in source file db/a_dpfifo_q131.tdf
    Info (12023): Found entity 1: a_dpfifo_q131
Info (12128): Elaborating entity "a_dpfifo_q131" for hierarchy "usb_system:usbsys_instance|usb_system_jtag_uart:jtag_uart|usb_system_jtag_uart_scfifo_w:the_usb_system_jtag_uart_scfifo_w|scfifo:wfifo|scfifo_jr21:auto_generated|a_dpfifo_q131:dpfifo"
Info (12021): Found 1 design units, including 1 entities, in source file db/a_fefifo_7cf.tdf
    Info (12023): Found entity 1: a_fefifo_7cf
Info (12128): Elaborating entity "a_fefifo_7cf" for hierarchy "usb_system:usbsys_instance|usb_system_jtag_uart:jtag_uart|usb_system_jtag_uart_scfifo_w:the_usb_system_jtag_uart_scfifo_w|scfifo:wfifo|scfifo_jr21:auto_generated|a_dpfifo_q131:dpfifo|a_fefifo_7cf:fifo_state"
Info (12021): Found 1 design units, including 1 entities, in source file db/cntr_do7.tdf
    Info (12023): Found entity 1: cntr_do7
Info (12128): Elaborating entity "cntr_do7" for hierarchy "usb_system:usbsys_instance|usb_system_jtag_uart:jtag_uart|usb_system_jtag_uart_scfifo_w:the_usb_system_jtag_uart_scfifo_w|scfifo:wfifo|scfifo_jr21:auto_generated|a_dpfifo_q131:dpfifo|a_fefifo_7cf:fifo_state|cntr_do7:count_usedw"
Info (12021): Found 1 design units, including 1 entities, in source file db/dpram_nl21.tdf
    Info (12023): Found entity 1: dpram_nl21
Info (12128): Elaborating entity "dpram_nl21" for hierarchy "usb_system:usbsys_instance|usb_system_jtag_uart:jtag_uart|usb_system_jtag_uart_scfifo_w:the_usb_system_jtag_uart_scfifo_w|scfifo:wfifo|scfifo_jr21:auto_generated|a_dpfifo_q131:dpfifo|dpram_nl21:FIFOram"
Info (12021): Found 1 design units, including 1 entities, in source file db/altsyncram_r1m1.tdf
    Info (12023): Found entity 1: altsyncram_r1m1
Info (12128): Elaborating entity "altsyncram_r1m1" for hierarchy "usb_system:usbsys_instance|usb_system_jtag_uart:jtag_uart|usb_system_jtag_uart_scfifo_w:the_usb_system_jtag_uart_scfifo_w|scfifo:wfifo|scfifo_jr21:auto_generated|a_dpfifo_q131:dpfifo|dpram_nl21:FIFOram|altsyncram_r1m1:altsyncram1"
Info (12021): Found 1 design units, including 1 entities, in source file db/cntr_1ob.tdf
    Info (12023): Found entity 1: cntr_1ob
Info (12128): Elaborating entity "cntr_1ob" for hierarchy "usb_system:usbsys_instance|usb_system_jtag_uart:jtag_uart|usb_system_jtag_uart_scfifo_w:the_usb_system_jtag_uart_scfifo_w|scfifo:wfifo|scfifo_jr21:auto_generated|a_dpfifo_q131:dpfifo|cntr_1ob:rd_ptr_count"
Info (12128): Elaborating entity "usb_system_jtag_uart_scfifo_r" for hierarchy "usb_system:usbsys_instance|usb_system_jtag_uart:jtag_uart|usb_system_jtag_uart_scfifo_r:the_usb_system_jtag_uart_scfifo_r"
Info (12128): Elaborating entity "alt_jtag_atlantic" for hierarchy "usb_system:usbsys_instance|usb_system_jtag_uart:jtag_uart|alt_jtag_atlantic:usb_system_jtag_uart_alt_jtag_atlantic"
Info (12130): Elaborated megafunction instantiation "usb_system:usbsys_instance|usb_system_jtag_uart:jtag_uart|alt_jtag_atlantic:usb_system_jtag_uart_alt_jtag_atlantic"
Info (12133): Instantiated megafunction "usb_system:usbsys_instance|usb_system_jtag_uart:jtag_uart|alt_jtag_atlantic:usb_system_jtag_uart_alt_jtag_atlantic" with the following parameter:
    Info (12134): Parameter "INSTANCE_ID" = "0"
    Info (12134): Parameter "LOG2_RXFIFO_DEPTH" = "6"
    Info (12134): Parameter "LOG2_TXFIFO_DEPTH" = "6"
    Info (12134): Parameter "SLD_AUTO_INSTANCE_INDEX" = "YES"
Info (12128): Elaborating entity "usb_system_cpu" for hierarchy "usb_system:usbsys_instance|usb_system_cpu:cpu"
Info (12128): Elaborating entity "usb_system_cpu_test_bench" for hierarchy "usb_system:usbsys_instance|usb_system_cpu:cpu|usb_system_cpu_test_bench:the_usb_system_cpu_test_bench"
Info (12128): Elaborating entity "usb_system_cpu_register_bank_a_module" for hierarchy "usb_system:usbsys_instance|usb_system_cpu:cpu|usb_system_cpu_register_bank_a_module:usb_system_cpu_register_bank_a"
Info (12128): Elaborating entity "altsyncram" for hierarchy "usb_system:usbsys_instance|usb_system_cpu:cpu|usb_system_cpu_register_bank_a_module:usb_system_cpu_register_bank_a|altsyncram:the_altsyncram"
Info (12130): Elaborated megafunction instantiation "usb_system:usbsys_instance|usb_system_cpu:cpu|usb_system_cpu_register_bank_a_module:usb_system_cpu_register_bank_a|altsyncram:the_altsyncram"
Info (12133): Instantiated megafunction "usb_system:usbsys_instance|usb_system_cpu:cpu|usb_system_cpu_register_bank_a_module:usb_system_cpu_register_bank_a|altsyncram:the_altsyncram" with the following parameter:
    Info (12134): Parameter "address_reg_b" = "CLOCK0"
    Info (12134): Parameter "init_file" = "usb_system_cpu_rf_ram_a.mif"
    Info (12134): Parameter "maximum_depth" = "0"
    Info (12134): Parameter "numwords_a" = "32"
    Info (12134): Parameter "numwords_b" = "32"
    Info (12134): Parameter "operation_mode" = "DUAL_PORT"
    Info (12134): Parameter "outdata_reg_b" = "UNREGISTERED"
    Info (12134): Parameter "ram_block_type" = "AUTO"
    Info (12134): Parameter "rdcontrol_reg_b" = "CLOCK0"
    Info (12134): Parameter "read_during_write_mode_mixed_ports" = "DONT_CARE"
    Info (12134): Parameter "width_a" = "32"
    Info (12134): Parameter "width_b" = "32"
    Info (12134): Parameter "widthad_a" = "5"
    Info (12134): Parameter "widthad_b" = "5"
Info (12021): Found 1 design units, including 1 entities, in source file db/altsyncram_fgg1.tdf
    Info (12023): Found entity 1: altsyncram_fgg1
Info (12128): Elaborating entity "altsyncram_fgg1" for hierarchy "usb_system:usbsys_instance|usb_system_cpu:cpu|usb_system_cpu_register_bank_a_module:usb_system_cpu_register_bank_a|altsyncram:the_altsyncram|altsyncram_fgg1:auto_generated"
Info (12128): Elaborating entity "usb_system_cpu_register_bank_b_module" for hierarchy "usb_system:usbsys_instance|usb_system_cpu:cpu|usb_system_cpu_register_bank_b_module:usb_system_cpu_register_bank_b"
Info (12128): Elaborating entity "altsyncram" for hierarchy "usb_system:usbsys_instance|usb_system_cpu:cpu|usb_system_cpu_register_bank_b_module:usb_system_cpu_register_bank_b|altsyncram:the_altsyncram"
Info (12130): Elaborated megafunction instantiation "usb_system:usbsys_instance|usb_system_cpu:cpu|usb_system_cpu_register_bank_b_module:usb_system_cpu_register_bank_b|altsyncram:the_altsyncram"
Info (12133): Instantiated megafunction "usb_system:usbsys_instance|usb_system_cpu:cpu|usb_system_cpu_register_bank_b_module:usb_system_cpu_register_bank_b|altsyncram:the_altsyncram" with the following parameter:
    Info (12134): Parameter "address_reg_b" = "CLOCK0"
    Info (12134): Parameter "init_file" = "usb_system_cpu_rf_ram_b.mif"
    Info (12134): Parameter "maximum_depth" = "0"
    Info (12134): Parameter "numwords_a" = "32"
    Info (12134): Parameter "numwords_b" = "32"
    Info (12134): Parameter "operation_mode" = "DUAL_PORT"
    Info (12134): Parameter "outdata_reg_b" = "UNREGISTERED"
    Info (12134): Parameter "ram_block_type" = "AUTO"
    Info (12134): Parameter "rdcontrol_reg_b" = "CLOCK0"
    Info (12134): Parameter "read_during_write_mode_mixed_ports" = "DONT_CARE"
    Info (12134): Parameter "width_a" = "32"
    Info (12134): Parameter "width_b" = "32"
    Info (12134): Parameter "widthad_a" = "5"
    Info (12134): Parameter "widthad_b" = "5"
Info (12021): Found 1 design units, including 1 entities, in source file db/altsyncram_ggg1.tdf
    Info (12023): Found entity 1: altsyncram_ggg1
Info (12128): Elaborating entity "altsyncram_ggg1" for hierarchy "usb_system:usbsys_instance|usb_system_cpu:cpu|usb_system_cpu_register_bank_b_module:usb_system_cpu_register_bank_b|altsyncram:the_altsyncram|altsyncram_ggg1:auto_generated"
Info (12128): Elaborating entity "usb_system_cpu_nios2_oci" for hierarchy "usb_system:usbsys_instance|usb_system_cpu:cpu|usb_system_cpu_nios2_oci:the_usb_system_cpu_nios2_oci"
Info (12128): Elaborating entity "usb_system_cpu_nios2_oci_debug" for hierarchy "usb_system:usbsys_instance|usb_system_cpu:cpu|usb_system_cpu_nios2_oci:the_usb_system_cpu_nios2_oci|usb_system_cpu_nios2_oci_debug:the_usb_system_cpu_nios2_oci_debug"
Info (12128): Elaborating entity "altera_std_synchronizer" for hierarchy "usb_system:usbsys_instance|usb_system_cpu:cpu|usb_system_cpu_nios2_oci:the_usb_system_cpu_nios2_oci|usb_system_cpu_nios2_oci_debug:the_usb_system_cpu_nios2_oci_debug|altera_std_synchronizer:the_altera_std_synchronizer"
Info (12130): Elaborated megafunction instantiation "usb_system:usbsys_instance|usb_system_cpu:cpu|usb_system_cpu_nios2_oci:the_usb_system_cpu_nios2_oci|usb_system_cpu_nios2_oci_debug:the_usb_system_cpu_nios2_oci_debug|altera_std_synchronizer:the_altera_std_synchronizer"
Info (12133): Instantiated megafunction "usb_system:usbsys_instance|usb_system_cpu:cpu|usb_system_cpu_nios2_oci:the_usb_system_cpu_nios2_oci|usb_system_cpu_nios2_oci_debug:the_usb_system_cpu_nios2_oci_debug|altera_std_synchronizer:the_altera_std_synchronizer" with the following parameter:
    Info (12134): Parameter "depth" = "2"
Info (12128): Elaborating entity "usb_system_cpu_nios2_ocimem" for hierarchy "usb_system:usbsys_instance|usb_system_cpu:cpu|usb_system_cpu_nios2_oci:the_usb_system_cpu_nios2_oci|usb_system_cpu_nios2_ocimem:the_usb_system_cpu_nios2_ocimem"
Info (12128): Elaborating entity "usb_system_cpu_ociram_sp_ram_module" for hierarchy "usb_system:usbsys_instance|usb_system_cpu:cpu|usb_system_cpu_nios2_oci:the_usb_system_cpu_nios2_oci|usb_system_cpu_nios2_ocimem:the_usb_system_cpu_nios2_ocimem|usb_system_cpu_ociram_sp_ram_module:usb_system_cpu_ociram_sp_ram"
Info (12128): Elaborating entity "altsyncram" for hierarchy "usb_system:usbsys_instance|usb_system_cpu:cpu|usb_system_cpu_nios2_oci:the_usb_system_cpu_nios2_oci|usb_system_cpu_nios2_ocimem:the_usb_system_cpu_nios2_ocimem|usb_system_cpu_ociram_sp_ram_module:usb_system_cpu_ociram_sp_ram|altsyncram:the_altsyncram"
Info (12130): Elaborated megafunction instantiation "usb_system:usbsys_instance|usb_system_cpu:cpu|usb_system_cpu_nios2_oci:the_usb_system_cpu_nios2_oci|usb_system_cpu_nios2_ocimem:the_usb_system_cpu_nios2_ocimem|usb_system_cpu_ociram_sp_ram_module:usb_system_cpu_ociram_sp_ram|altsyncram:the_altsyncram"
Info (12133): Instantiated megafunction "usb_system:usbsys_instance|usb_system_cpu:cpu|usb_system_cpu_nios2_oci:the_usb_system_cpu_nios2_oci|usb_system_cpu_nios2_ocimem:the_usb_system_cpu_nios2_ocimem|usb_system_cpu_ociram_sp_ram_module:usb_system_cpu_ociram_sp_ram|altsyncram:the_altsyncram" with the following parameter:
    Info (12134): Parameter "init_file" = "usb_system_cpu_ociram_default_contents.mif"
    Info (12134): Parameter "maximum_depth" = "0"
    Info (12134): Parameter "numwords_a" = "256"
    Info (12134): Parameter "operation_mode" = "SINGLE_PORT"
    Info (12134): Parameter "outdata_reg_a" = "UNREGISTERED"
    Info (12134): Parameter "ram_block_type" = "AUTO"
    Info (12134): Parameter "width_a" = "32"
    Info (12134): Parameter "width_byteena_a" = "4"
    Info (12134): Parameter "widthad_a" = "8"
Info (12021): Found 1 design units, including 1 entities, in source file db/altsyncram_2n81.tdf
    Info (12023): Found entity 1: altsyncram_2n81
Info (12128): Elaborating entity "altsyncram_2n81" for hierarchy "usb_system:usbsys_instance|usb_system_cpu:cpu|usb_system_cpu_nios2_oci:the_usb_system_cpu_nios2_oci|usb_system_cpu_nios2_ocimem:the_usb_system_cpu_nios2_ocimem|usb_system_cpu_ociram_sp_ram_module:usb_system_cpu_ociram_sp_ram|altsyncram:the_altsyncram|altsyncram_2n81:auto_generated"
Info (12128): Elaborating entity "usb_system_cpu_nios2_avalon_reg" for hierarchy "usb_system:usbsys_instance|usb_system_cpu:cpu|usb_system_cpu_nios2_oci:the_usb_system_cpu_nios2_oci|usb_system_cpu_nios2_avalon_reg:the_usb_system_cpu_nios2_avalon_reg"
Info (12128): Elaborating entity "usb_system_cpu_nios2_oci_break" for hierarchy "usb_system:usbsys_instance|usb_system_cpu:cpu|usb_system_cpu_nios2_oci:the_usb_system_cpu_nios2_oci|usb_system_cpu_nios2_oci_break:the_usb_system_cpu_nios2_oci_break"
Info (12128): Elaborating entity "usb_system_cpu_nios2_oci_xbrk" for hierarchy "usb_system:usbsys_instance|usb_system_cpu:cpu|usb_system_cpu_nios2_oci:the_usb_system_cpu_nios2_oci|usb_system_cpu_nios2_oci_xbrk:the_usb_system_cpu_nios2_oci_xbrk"
Info (12128): Elaborating entity "usb_system_cpu_nios2_oci_dbrk" for hierarchy "usb_system:usbsys_instance|usb_system_cpu:cpu|usb_system_cpu_nios2_oci:the_usb_system_cpu_nios2_oci|usb_system_cpu_nios2_oci_dbrk:the_usb_system_cpu_nios2_oci_dbrk"
Info (12128): Elaborating entity "usb_system_cpu_nios2_oci_itrace" for hierarchy "usb_system:usbsys_instance|usb_system_cpu:cpu|usb_system_cpu_nios2_oci:the_usb_system_cpu_nios2_oci|usb_system_cpu_nios2_oci_itrace:the_usb_system_cpu_nios2_oci_itrace"
Info (12128): Elaborating entity "usb_system_cpu_nios2_oci_dtrace" for hierarchy "usb_system:usbsys_instance|usb_system_cpu:cpu|usb_system_cpu_nios2_oci:the_usb_system_cpu_nios2_oci|usb_system_cpu_nios2_oci_dtrace:the_usb_system_cpu_nios2_oci_dtrace"
Info (12128): Elaborating entity "usb_system_cpu_nios2_oci_td_mode" for hierarchy "usb_system:usbsys_instance|usb_system_cpu:cpu|usb_system_cpu_nios2_oci:the_usb_system_cpu_nios2_oci|usb_system_cpu_nios2_oci_dtrace:the_usb_system_cpu_nios2_oci_dtrace|usb_system_cpu_nios2_oci_td_mode:usb_system_cpu_nios2_oci_trc_ctrl_td_mode"
Info (12128): Elaborating entity "usb_system_cpu_nios2_oci_fifo" for hierarchy "usb_system:usbsys_instance|usb_system_cpu:cpu|usb_system_cpu_nios2_oci:the_usb_system_cpu_nios2_oci|usb_system_cpu_nios2_oci_fifo:the_usb_system_cpu_nios2_oci_fifo"
Info (12128): Elaborating entity "usb_system_cpu_nios2_oci_compute_input_tm_cnt" for hierarchy "usb_system:usbsys_instance|usb_system_cpu:cpu|usb_system_cpu_nios2_oci:the_usb_system_cpu_nios2_oci|usb_system_cpu_nios2_oci_fifo:the_usb_system_cpu_nios2_oci_fifo|usb_system_cpu_nios2_oci_compute_input_tm_cnt:the_usb_system_cpu_nios2_oci_compute_input_tm_cnt"
Info (12128): Elaborating entity "usb_system_cpu_nios2_oci_fifo_wrptr_inc" for hierarchy "usb_system:usbsys_instance|usb_system_cpu:cpu|usb_system_cpu_nios2_oci:the_usb_system_cpu_nios2_oci|usb_system_cpu_nios2_oci_fifo:the_usb_system_cpu_nios2_oci_fifo|usb_system_cpu_nios2_oci_fifo_wrptr_inc:the_usb_system_cpu_nios2_oci_fifo_wrptr_inc"
Info (12128): Elaborating entity "usb_system_cpu_nios2_oci_fifo_cnt_inc" for hierarchy "usb_system:usbsys_instance|usb_system_cpu:cpu|usb_system_cpu_nios2_oci:the_usb_system_cpu_nios2_oci|usb_system_cpu_nios2_oci_fifo:the_usb_system_cpu_nios2_oci_fifo|usb_system_cpu_nios2_oci_fifo_cnt_inc:the_usb_system_cpu_nios2_oci_fifo_cnt_inc"
Info (12128): Elaborating entity "usb_system_cpu_oci_test_bench" for hierarchy "usb_system:usbsys_instance|usb_system_cpu:cpu|usb_system_cpu_nios2_oci:the_usb_system_cpu_nios2_oci|usb_system_cpu_nios2_oci_fifo:the_usb_system_cpu_nios2_oci_fifo|usb_system_cpu_oci_test_bench:the_usb_system_cpu_oci_test_bench"
Info (12128): Elaborating entity "usb_system_cpu_nios2_oci_pib" for hierarchy "usb_system:usbsys_instance|usb_system_cpu:cpu|usb_system_cpu_nios2_oci:the_usb_system_cpu_nios2_oci|usb_system_cpu_nios2_oci_pib:the_usb_system_cpu_nios2_oci_pib"
Info (12128): Elaborating entity "usb_system_cpu_nios2_oci_im" for hierarchy "usb_system:usbsys_instance|usb_system_cpu:cpu|usb_system_cpu_nios2_oci:the_usb_system_cpu_nios2_oci|usb_system_cpu_nios2_oci_im:the_usb_system_cpu_nios2_oci_im"
Info (12128): Elaborating entity "usb_system_cpu_jtag_debug_module_wrapper" for hierarchy "usb_system:usbsys_instance|usb_system_cpu:cpu|usb_system_cpu_nios2_oci:the_usb_system_cpu_nios2_oci|usb_system_cpu_jtag_debug_module_wrapper:the_usb_system_cpu_jtag_debug_module_wrapper"
Info (12128): Elaborating entity "usb_system_cpu_jtag_debug_module_tck" for hierarchy "usb_system:usbsys_instance|usb_system_cpu:cpu|usb_system_cpu_nios2_oci:the_usb_system_cpu_nios2_oci|usb_system_cpu_jtag_debug_module_wrapper:the_usb_system_cpu_jtag_debug_module_wrapper|usb_system_cpu_jtag_debug_module_tck:the_usb_system_cpu_jtag_debug_module_tck"
Info (12128): Elaborating entity "usb_system_cpu_jtag_debug_module_sysclk" for hierarchy "usb_system:usbsys_instance|usb_system_cpu:cpu|usb_system_cpu_nios2_oci:the_usb_system_cpu_nios2_oci|usb_system_cpu_jtag_debug_module_wrapper:the_usb_system_cpu_jtag_debug_module_wrapper|usb_system_cpu_jtag_debug_module_sysclk:the_usb_system_cpu_jtag_debug_module_sysclk"
Info (12128): Elaborating entity "sld_virtual_jtag_basic" for hierarchy "usb_system:usbsys_instance|usb_system_cpu:cpu|usb_system_cpu_nios2_oci:the_usb_system_cpu_nios2_oci|usb_system_cpu_jtag_debug_module_wrapper:the_usb_system_cpu_jtag_debug_module_wrapper|sld_virtual_jtag_basic:usb_system_cpu_jtag_debug_module_phy"
Info (12130): Elaborated megafunction instantiation "usb_system:usbsys_instance|usb_system_cpu:cpu|usb_system_cpu_nios2_oci:the_usb_system_cpu_nios2_oci|usb_system_cpu_jtag_debug_module_wrapper:the_usb_system_cpu_jtag_debug_module_wrapper|sld_virtual_jtag_basic:usb_system_cpu_jtag_debug_module_phy"
Info (12133): Instantiated megafunction "usb_system:usbsys_instance|usb_system_cpu:cpu|usb_system_cpu_nios2_oci:the_usb_system_cpu_nios2_oci|usb_system_cpu_jtag_debug_module_wrapper:the_usb_system_cpu_jtag_debug_module_wrapper|sld_virtual_jtag_basic:usb_system_cpu_jtag_debug_module_phy" with the following parameter:
    Info (12134): Parameter "sld_auto_instance_index" = "YES"
    Info (12134): Parameter "sld_instance_index" = "0"
    Info (12134): Parameter "sld_ir_width" = "2"
    Info (12134): Parameter "sld_mfg_id" = "70"
    Info (12134): Parameter "sld_sim_action" = ""
    Info (12134): Parameter "sld_sim_n_scan" = "0"
    Info (12134): Parameter "sld_sim_total_length" = "0"
    Info (12134): Parameter "sld_type_id" = "34"
    Info (12134): Parameter "sld_version" = "3"
Info (12128): Elaborating entity "sld_virtual_jtag_impl" for hierarchy "usb_system:usbsys_instance|usb_system_cpu:cpu|usb_system_cpu_nios2_oci:the_usb_system_cpu_nios2_oci|usb_system_cpu_jtag_debug_module_wrapper:the_usb_system_cpu_jtag_debug_module_wrapper|sld_virtual_jtag_basic:usb_system_cpu_jtag_debug_module_phy|sld_virtual_jtag_impl:sld_virtual_jtag_impl_inst"
Info (12131): Elaborated megafunction instantiation "usb_system:usbsys_instance|usb_system_cpu:cpu|usb_system_cpu_nios2_oci:the_usb_system_cpu_nios2_oci|usb_system_cpu_jtag_debug_module_wrapper:the_usb_system_cpu_jtag_debug_module_wrapper|sld_virtual_jtag_basic:usb_system_cpu_jtag_debug_module_phy|sld_virtual_jtag_impl:sld_virtual_jtag_impl_inst", which is child of megafunction instantiation "usb_system:usbsys_instance|usb_system_cpu:cpu|usb_system_cpu_nios2_oci:the_usb_system_cpu_nios2_oci|usb_system_cpu_jtag_debug_module_wrapper:the_usb_system_cpu_jtag_debug_module_wrapper|sld_virtual_jtag_basic:usb_system_cpu_jtag_debug_module_phy"
Info (12128): Elaborating entity "usb_system_clocks" for hierarchy "usb_system:usbsys_instance|usb_system_clocks:clocks"
Info (12128): Elaborating entity "usb_system_clocks_stdsync_sv6" for hierarchy "usb_system:usbsys_instance|usb_system_clocks:clocks|usb_system_clocks_stdsync_sv6:stdsync2"
Info (12128): Elaborating entity "usb_system_clocks_dffpipe_l2c" for hierarchy "usb_system:usbsys_instance|usb_system_clocks:clocks|usb_system_clocks_stdsync_sv6:stdsync2|usb_system_clocks_dffpipe_l2c:dffpipe3"
Info (12128): Elaborating entity "usb_system_clocks_altpll_pqa2" for hierarchy "usb_system:usbsys_instance|usb_system_clocks:clocks|usb_system_clocks_altpll_pqa2:sd1"
Info (12128): Elaborating entity "usb_system_keycode" for hierarchy "usb_system:usbsys_instance|usb_system_keycode:keycode"
Info (12128): Elaborating entity "CY7C67200_IF" for hierarchy "usb_system:usbsys_instance|CY7C67200_IF:cy7c67200_if_0"
Info (12128): Elaborating entity "altera_avalon_mm_clock_crossing_bridge" for hierarchy "usb_system:usbsys_instance|altera_avalon_mm_clock_crossing_bridge:clock_crossing_io"
Warning (10230): Verilog HDL assignment warning at altera_avalon_mm_clock_crossing_bridge.v(192): truncated value with size 32 to match size of target (9)
Warning (10230): Verilog HDL assignment warning at altera_avalon_mm_clock_crossing_bridge.v(194): truncated value with size 32 to match size of target (9)
Info (12128): Elaborating entity "altera_avalon_dc_fifo" for hierarchy "usb_system:usbsys_instance|altera_avalon_mm_clock_crossing_bridge:clock_crossing_io|altera_avalon_dc_fifo:cmd_fifo"
Info (12128): Elaborating entity "altera_dcfifo_synchronizer_bundle" for hierarchy "usb_system:usbsys_instance|altera_avalon_mm_clock_crossing_bridge:clock_crossing_io|altera_avalon_dc_fifo:cmd_fifo|altera_dcfifo_synchronizer_bundle:write_crosser"
Info (12128): Elaborating entity "altera_std_synchronizer" for hierarchy "usb_system:usbsys_instance|altera_avalon_mm_clock_crossing_bridge:clock_crossing_io|altera_avalon_dc_fifo:cmd_fifo|altera_dcfifo_synchronizer_bundle:write_crosser|altera_std_synchronizer:sync[0].u"
Info (12130): Elaborated megafunction instantiation "usb_system:usbsys_instance|altera_avalon_mm_clock_crossing_bridge:clock_crossing_io|altera_avalon_dc_fifo:cmd_fifo|altera_dcfifo_synchronizer_bundle:write_crosser|altera_std_synchronizer:sync[0].u"
Info (12133): Instantiated megafunction "usb_system:usbsys_instance|altera_avalon_mm_clock_crossing_bridge:clock_crossing_io|altera_avalon_dc_fifo:cmd_fifo|altera_dcfifo_synchronizer_bundle:write_crosser|altera_std_synchronizer:sync[0].u" with the following parameter:
    Info (12134): Parameter "depth" = "3"
Info (12128): Elaborating entity "altera_avalon_dc_fifo" for hierarchy "usb_system:usbsys_instance|altera_avalon_mm_clock_crossing_bridge:clock_crossing_io|altera_avalon_dc_fifo:rsp_fifo"
Info (12128): Elaborating entity "altera_dcfifo_synchronizer_bundle" for hierarchy "usb_system:usbsys_instance|altera_avalon_mm_clock_crossing_bridge:clock_crossing_io|altera_avalon_dc_fifo:rsp_fifo|altera_dcfifo_synchronizer_bundle:write_crosser"
Info (12128): Elaborating entity "usb_system_mm_interconnect_0" for hierarchy "usb_system:usbsys_instance|usb_system_mm_interconnect_0:mm_interconnect_0"
Info (12128): Elaborating entity "altera_merlin_master_translator" for hierarchy "usb_system:usbsys_instance|usb_system_mm_interconnect_0:mm_interconnect_0|altera_merlin_master_translator:cpu_instruction_master_translator"
Info (12128): Elaborating entity "altera_merlin_master_translator" for hierarchy "usb_system:usbsys_instance|usb_system_mm_interconnect_0:mm_interconnect_0|altera_merlin_master_translator:cpu_data_master_translator"
Info (12128): Elaborating entity "altera_merlin_slave_translator" for hierarchy "usb_system:usbsys_instance|usb_system_mm_interconnect_0:mm_interconnect_0|altera_merlin_slave_translator:cpu_jtag_debug_module_translator"
Info (12128): Elaborating entity "altera_merlin_slave_translator" for hierarchy "usb_system:usbsys_instance|usb_system_mm_interconnect_0:mm_interconnect_0|altera_merlin_slave_translator:sdram_s1_translator"
Info (12128): Elaborating entity "altera_merlin_slave_translator" for hierarchy "usb_system:usbsys_instance|usb_system_mm_interconnect_0:mm_interconnect_0|altera_merlin_slave_translator:clocks_pll_slave_translator"
Info (12128): Elaborating entity "altera_merlin_slave_translator" for hierarchy "usb_system:usbsys_instance|usb_system_mm_interconnect_0:mm_interconnect_0|altera_merlin_slave_translator:keycode_s1_translator"
Info (12128): Elaborating entity "altera_merlin_slave_translator" for hierarchy "usb_system:usbsys_instance|usb_system_mm_interconnect_0:mm_interconnect_0|altera_merlin_slave_translator:jtag_uart_avalon_jtag_slave_translator"
Info (12128): Elaborating entity "altera_merlin_slave_translator" for hierarchy "usb_system:usbsys_instance|usb_system_mm_interconnect_0:mm_interconnect_0|altera_merlin_slave_translator:clock_crossing_io_s0_translator"
Info (12128): Elaborating entity "altera_merlin_master_agent" for hierarchy "usb_system:usbsys_instance|usb_system_mm_interconnect_0:mm_interconnect_0|altera_merlin_master_agent:cpu_instruction_master_agent"
Info (12128): Elaborating entity "altera_merlin_master_agent" for hierarchy "usb_system:usbsys_instance|usb_system_mm_interconnect_0:mm_interconnect_0|altera_merlin_master_agent:cpu_data_master_agent"
Info (12128): Elaborating entity "altera_merlin_slave_agent" for hierarchy "usb_system:usbsys_instance|usb_system_mm_interconnect_0:mm_interconnect_0|altera_merlin_slave_agent:cpu_jtag_debug_module_agent"
Info (12128): Elaborating entity "altera_merlin_burst_uncompressor" for hierarchy "usb_system:usbsys_instance|usb_system_mm_interconnect_0:mm_interconnect_0|altera_merlin_slave_agent:cpu_jtag_debug_module_agent|altera_merlin_burst_uncompressor:uncompressor"
Info (12128): Elaborating entity "altera_avalon_sc_fifo" for hierarchy "usb_system:usbsys_instance|usb_system_mm_interconnect_0:mm_interconnect_0|altera_avalon_sc_fifo:cpu_jtag_debug_module_agent_rsp_fifo"
Info (12128): Elaborating entity "altera_avalon_sc_fifo" for hierarchy "usb_system:usbsys_instance|usb_system_mm_interconnect_0:mm_interconnect_0|altera_avalon_sc_fifo:sdram_s1_agent_rsp_fifo"
Info (12128): Elaborating entity "altera_avalon_sc_fifo" for hierarchy "usb_system:usbsys_instance|usb_system_mm_interconnect_0:mm_interconnect_0|altera_avalon_sc_fifo:sdram_s1_agent_rdata_fifo"
Info (12128): Elaborating entity "altera_avalon_sc_fifo" for hierarchy "usb_system:usbsys_instance|usb_system_mm_interconnect_0:mm_interconnect_0|altera_avalon_sc_fifo:clock_crossing_io_s0_agent_rsp_fifo"
Info (12128): Elaborating entity "usb_system_mm_interconnect_0_router" for hierarchy "usb_system:usbsys_instance|usb_system_mm_interconnect_0:mm_interconnect_0|usb_system_mm_interconnect_0_router:router"
Info (12128): Elaborating entity "usb_system_mm_interconnect_0_router_default_decode" for hierarchy "usb_system:usbsys_instance|usb_system_mm_interconnect_0:mm_interconnect_0|usb_system_mm_interconnect_0_router:router|usb_system_mm_interconnect_0_router_default_decode:the_default_decode"
Info (12128): Elaborating entity "usb_system_mm_interconnect_0_router_001" for hierarchy "usb_system:usbsys_instance|usb_system_mm_interconnect_0:mm_interconnect_0|usb_system_mm_interconnect_0_router_001:router_001"
Info (12128): Elaborating entity "usb_system_mm_interconnect_0_router_001_default_decode" for hierarchy "usb_system:usbsys_instance|usb_system_mm_interconnect_0:mm_interconnect_0|usb_system_mm_interconnect_0_router_001:router_001|usb_system_mm_interconnect_0_router_001_default_decode:the_default_decode"
Info (12128): Elaborating entity "usb_system_mm_interconnect_0_router_002" for hierarchy "usb_system:usbsys_instance|usb_system_mm_interconnect_0:mm_interconnect_0|usb_system_mm_interconnect_0_router_002:router_002"
Info (12128): Elaborating entity "usb_system_mm_interconnect_0_router_002_default_decode" for hierarchy "usb_system:usbsys_instance|usb_system_mm_interconnect_0:mm_interconnect_0|usb_system_mm_interconnect_0_router_002:router_002|usb_system_mm_interconnect_0_router_002_default_decode:the_default_decode"
Info (12128): Elaborating entity "usb_system_mm_interconnect_0_router_005" for hierarchy "usb_system:usbsys_instance|usb_system_mm_interconnect_0:mm_interconnect_0|usb_system_mm_interconnect_0_router_005:router_005"
Info (12128): Elaborating entity "usb_system_mm_interconnect_0_router_005_default_decode" for hierarchy "usb_system:usbsys_instance|usb_system_mm_interconnect_0:mm_interconnect_0|usb_system_mm_interconnect_0_router_005:router_005|usb_system_mm_interconnect_0_router_005_default_decode:the_default_decode"
Info (12128): Elaborating entity "usb_system_mm_interconnect_0_cmd_demux" for hierarchy "usb_system:usbsys_instance|usb_system_mm_interconnect_0:mm_interconnect_0|usb_system_mm_interconnect_0_cmd_demux:cmd_demux"
Info (12128): Elaborating entity "usb_system_mm_interconnect_0_cmd_demux_001" for hierarchy "usb_system:usbsys_instance|usb_system_mm_interconnect_0:mm_interconnect_0|usb_system_mm_interconnect_0_cmd_demux_001:cmd_demux_001"
Info (12128): Elaborating entity "usb_system_mm_interconnect_0_cmd_mux" for hierarchy "usb_system:usbsys_instance|usb_system_mm_interconnect_0:mm_interconnect_0|usb_system_mm_interconnect_0_cmd_mux:cmd_mux"
Info (12128): Elaborating entity "altera_merlin_arbitrator" for hierarchy "usb_system:usbsys_instance|usb_system_mm_interconnect_0:mm_interconnect_0|usb_system_mm_interconnect_0_cmd_mux:cmd_mux|altera_merlin_arbitrator:arb"
Info (12128): Elaborating entity "altera_merlin_arb_adder" for hierarchy "usb_system:usbsys_instance|usb_system_mm_interconnect_0:mm_interconnect_0|usb_system_mm_interconnect_0_cmd_mux:cmd_mux|altera_merlin_arbitrator:arb|altera_merlin_arb_adder:adder"
Info (12128): Elaborating entity "usb_system_mm_interconnect_0_cmd_mux_003" for hierarchy "usb_system:usbsys_instance|usb_system_mm_interconnect_0:mm_interconnect_0|usb_system_mm_interconnect_0_cmd_mux_003:cmd_mux_003"
Info (12128): Elaborating entity "usb_system_mm_interconnect_0_rsp_demux" for hierarchy "usb_system:usbsys_instance|usb_system_mm_interconnect_0:mm_interconnect_0|usb_system_mm_interconnect_0_rsp_demux:rsp_demux"
Info (12128): Elaborating entity "usb_system_mm_interconnect_0_rsp_demux_003" for hierarchy "usb_system:usbsys_instance|usb_system_mm_interconnect_0:mm_interconnect_0|usb_system_mm_interconnect_0_rsp_demux_003:rsp_demux_003"
Info (12128): Elaborating entity "usb_system_mm_interconnect_0_rsp_mux" for hierarchy "usb_system:usbsys_instance|usb_system_mm_interconnect_0:mm_interconnect_0|usb_system_mm_interconnect_0_rsp_mux:rsp_mux"
Info (12128): Elaborating entity "altera_merlin_arbitrator" for hierarchy "usb_system:usbsys_instance|usb_system_mm_interconnect_0:mm_interconnect_0|usb_system_mm_interconnect_0_rsp_mux:rsp_mux|altera_merlin_arbitrator:arb"
Info (12128): Elaborating entity "altera_merlin_arb_adder" for hierarchy "usb_system:usbsys_instance|usb_system_mm_interconnect_0:mm_interconnect_0|usb_system_mm_interconnect_0_rsp_mux:rsp_mux|altera_merlin_arbitrator:arb|altera_merlin_arb_adder:adder"
Info (12128): Elaborating entity "usb_system_mm_interconnect_0_rsp_mux_001" for hierarchy "usb_system:usbsys_instance|usb_system_mm_interconnect_0:mm_interconnect_0|usb_system_mm_interconnect_0_rsp_mux_001:rsp_mux_001"
Info (12128): Elaborating entity "altera_merlin_arbitrator" for hierarchy "usb_system:usbsys_instance|usb_system_mm_interconnect_0:mm_interconnect_0|usb_system_mm_interconnect_0_rsp_mux_001:rsp_mux_001|altera_merlin_arbitrator:arb"
Info (12128): Elaborating entity "altera_merlin_arb_adder" for hierarchy "usb_system:usbsys_instance|usb_system_mm_interconnect_0:mm_interconnect_0|usb_system_mm_interconnect_0_rsp_mux_001:rsp_mux_001|altera_merlin_arbitrator:arb|altera_merlin_arb_adder:adder"
Info (12128): Elaborating entity "altera_avalon_st_handshake_clock_crosser" for hierarchy "usb_system:usbsys_instance|usb_system_mm_interconnect_0:mm_interconnect_0|altera_avalon_st_handshake_clock_crosser:crosser"
Info (12128): Elaborating entity "altera_avalon_st_clock_crosser" for hierarchy "usb_system:usbsys_instance|usb_system_mm_interconnect_0:mm_interconnect_0|altera_avalon_st_handshake_clock_crosser:crosser|altera_avalon_st_clock_crosser:clock_xer"
Info (12128): Elaborating entity "usb_system_mm_interconnect_1" for hierarchy "usb_system:usbsys_instance|usb_system_mm_interconnect_1:mm_interconnect_1"
Info (12128): Elaborating entity "altera_merlin_master_translator" for hierarchy "usb_system:usbsys_instance|usb_system_mm_interconnect_1:mm_interconnect_1|altera_merlin_master_translator:clock_crossing_io_m0_translator"
Info (12128): Elaborating entity "altera_merlin_slave_translator" for hierarchy "usb_system:usbsys_instance|usb_system_mm_interconnect_1:mm_interconnect_1|altera_merlin_slave_translator:cy7c67200_if_0_hpi_translator"
Info (12128): Elaborating entity "usb_system_irq_mapper" for hierarchy "usb_system:usbsys_instance|usb_system_irq_mapper:irq_mapper"
Info (12128): Elaborating entity "altera_irq_clock_crosser" for hierarchy "usb_system:usbsys_instance|altera_irq_clock_crosser:irq_synchronizer"
Info (12128): Elaborating entity "altera_std_synchronizer_bundle" for hierarchy "usb_system:usbsys_instance|altera_irq_clock_crosser:irq_synchronizer|altera_std_synchronizer_bundle:sync"
Info (12130): Elaborated megafunction instantiation "usb_system:usbsys_instance|altera_irq_clock_crosser:irq_synchronizer|altera_std_synchronizer_bundle:sync"
Info (12133): Instantiated megafunction "usb_system:usbsys_instance|altera_irq_clock_crosser:irq_synchronizer|altera_std_synchronizer_bundle:sync" with the following parameter:
    Info (12134): Parameter "depth" = "3"
    Info (12134): Parameter "width" = "1"
Info (12128): Elaborating entity "altera_std_synchronizer" for hierarchy "usb_system:usbsys_instance|altera_irq_clock_crosser:irq_synchronizer|altera_std_synchronizer_bundle:sync|altera_std_synchronizer:sync[0].u"
Info (12131): Elaborated megafunction instantiation "usb_system:usbsys_instance|altera_irq_clock_crosser:irq_synchronizer|altera_std_synchronizer_bundle:sync|altera_std_synchronizer:sync[0].u", which is child of megafunction instantiation "usb_system:usbsys_instance|altera_irq_clock_crosser:irq_synchronizer|altera_std_synchronizer_bundle:sync"
Info (12128): Elaborating entity "altera_reset_controller" for hierarchy "usb_system:usbsys_instance|altera_reset_controller:rst_controller"
Info (12128): Elaborating entity "altera_reset_synchronizer" for hierarchy "usb_system:usbsys_instance|altera_reset_controller:rst_controller|altera_reset_synchronizer:alt_rst_sync_uq1"
Info (12128): Elaborating entity "altera_reset_synchronizer" for hierarchy "usb_system:usbsys_instance|altera_reset_controller:rst_controller|altera_reset_synchronizer:alt_rst_req_sync_uq1"
Info (12128): Elaborating entity "altera_reset_controller" for hierarchy "usb_system:usbsys_instance|altera_reset_controller:rst_controller_001"
Info (12128): Elaborating entity "vga_controller" for hierarchy "vga_controller:vgasync_instance"
Warning (10230): Verilog HDL assignment warning at VGA_controller.sv(76): truncated value with size 32 to match size of target (10)
Warning (10230): Verilog HDL assignment warning at VGA_controller.sv(79): truncated value with size 32 to match size of target (10)
Info (12128): Elaborating entity "ball" for hierarchy "ball:ball_instance"
Warning (10259): Verilog HDL error at ball.sv(43): constant value overflow
Warning (10240): Verilog HDL Always Construct warning at ball.sv(35): inferring latch(es) for variable "Ball_X_Motion", which holds its previous value in one or more paths through the always construct
Warning (10240): Verilog HDL Always Construct warning at ball.sv(35): inferring latch(es) for variable "Ball_Y_Motion", which holds its previous value in one or more paths through the always construct
Error (10166): SystemVerilog RTL Coding error at ball.sv(35): always_comb construct does not infer purely combinational logic. File: G:/Course/ECE/ECE385/lab7_usb/ball.sv Line: 35
Warning (10259): Verilog HDL error at ball.sv(73): constant value overflow
Info (10041): Inferred latch for "Ball_Y_Motion[0]" at ball.sv(35)
Info (10041): Inferred latch for "Ball_Y_Motion[1]" at ball.sv(35)
Info (10041): Inferred latch for "Ball_Y_Motion[2]" at ball.sv(35)
Info (10041): Inferred latch for "Ball_Y_Motion[3]" at ball.sv(35)
Info (10041): Inferred latch for "Ball_Y_Motion[4]" at ball.sv(35)
Info (10041): Inferred latch for "Ball_Y_Motion[5]" at ball.sv(35)
Info (10041): Inferred latch for "Ball_Y_Motion[6]" at ball.sv(35)
Info (10041): Inferred latch for "Ball_Y_Motion[7]" at ball.sv(35)
Info (10041): Inferred latch for "Ball_Y_Motion[8]" at ball.sv(35)
Info (10041): Inferred latch for "Ball_Y_Motion[9]" at ball.sv(35)
Info (10041): Inferred latch for "Ball_X_Motion[0]" at ball.sv(35)
Info (10041): Inferred latch for "Ball_X_Motion[1]" at ball.sv(35)
Info (10041): Inferred latch for "Ball_X_Motion[2]" at ball.sv(35)
Info (10041): Inferred latch for "Ball_X_Motion[3]" at ball.sv(35)
Info (10041): Inferred latch for "Ball_X_Motion[4]" at ball.sv(35)
Info (10041): Inferred latch for "Ball_X_Motion[5]" at ball.sv(35)
Info (10041): Inferred latch for "Ball_X_Motion[6]" at ball.sv(35)
Info (10041): Inferred latch for "Ball_X_Motion[7]" at ball.sv(35)
Info (10041): Inferred latch for "Ball_X_Motion[8]" at ball.sv(35)
Info (10041): Inferred latch for "Ball_X_Motion[9]" at ball.sv(35)
Error (10028): Can't resolve multiple constant drivers for net "Ball_X_Motion[9]" at ball.sv(66) File: G:/Course/ECE/ECE385/lab7_usb/ball.sv Line: 66
Error (10029): Constant driver at ball.sv(35) File: G:/Course/ECE/ECE385/lab7_usb/ball.sv Line: 35
Error (10028): Can't resolve multiple constant drivers for net "Ball_X_Motion[8]" at ball.sv(66) File: G:/Course/ECE/ECE385/lab7_usb/ball.sv Line: 66
Error (10028): Can't resolve multiple constant drivers for net "Ball_X_Motion[7]" at ball.sv(66) File: G:/Course/ECE/ECE385/lab7_usb/ball.sv Line: 66
Error (10028): Can't resolve multiple constant drivers for net "Ball_X_Motion[6]" at ball.sv(66) File: G:/Course/ECE/ECE385/lab7_usb/ball.sv Line: 66
Error (10028): Can't resolve multiple constant drivers for net "Ball_X_Motion[5]" at ball.sv(66) File: G:/Course/ECE/ECE385/lab7_usb/ball.sv Line: 66
Error (10028): Can't resolve multiple constant drivers for net "Ball_X_Motion[4]" at ball.sv(66) File: G:/Course/ECE/ECE385/lab7_usb/ball.sv Line: 66
Error (10028): Can't resolve multiple constant drivers for net "Ball_X_Motion[3]" at ball.sv(66) File: G:/Course/ECE/ECE385/lab7_usb/ball.sv Line: 66
Error (10028): Can't resolve multiple constant drivers for net "Ball_X_Motion[2]" at ball.sv(66) File: G:/Course/ECE/ECE385/lab7_usb/ball.sv Line: 66
Error (10028): Can't resolve multiple constant drivers for net "Ball_X_Motion[1]" at ball.sv(66) File: G:/Course/ECE/ECE385/lab7_usb/ball.sv Line: 66
Error (10028): Can't resolve multiple constant drivers for net "Ball_X_Motion[0]" at ball.sv(66) File: G:/Course/ECE/ECE385/lab7_usb/ball.sv Line: 66
Error (10028): Can't resolve multiple constant drivers for net "Ball_Y_Motion[9]" at ball.sv(66) File: G:/Course/ECE/ECE385/lab7_usb/ball.sv Line: 66
Error (10028): Can't resolve multiple constant drivers for net "Ball_Y_Motion[8]" at ball.sv(66) File: G:/Course/ECE/ECE385/lab7_usb/ball.sv Line: 66
Error (10028): Can't resolve multiple constant drivers for net "Ball_Y_Motion[7]" at ball.sv(66) File: G:/Course/ECE/ECE385/lab7_usb/ball.sv Line: 66
Error (10028): Can't resolve multiple constant drivers for net "Ball_Y_Motion[6]" at ball.sv(66) File: G:/Course/ECE/ECE385/lab7_usb/ball.sv Line: 66
Error (10028): Can't resolve multiple constant drivers for net "Ball_Y_Motion[5]" at ball.sv(66) File: G:/Course/ECE/ECE385/lab7_usb/ball.sv Line: 66
Error (10028): Can't resolve multiple constant drivers for net "Ball_Y_Motion[4]" at ball.sv(66) File: G:/Course/ECE/ECE385/lab7_usb/ball.sv Line: 66
Error (10028): Can't resolve multiple constant drivers for net "Ball_Y_Motion[3]" at ball.sv(66) File: G:/Course/ECE/ECE385/lab7_usb/ball.sv Line: 66
Error (10028): Can't resolve multiple constant drivers for net "Ball_Y_Motion[2]" at ball.sv(66) File: G:/Course/ECE/ECE385/lab7_usb/ball.sv Line: 66
Error (12152): Can't elaborate user hierarchy "ball:ball_instance" File: G:/Course/ECE/ECE385/lab7_usb/lab7_usb.sv Line: 91
Info (144001): Generated suppressed messages file G:/Course/ECE/ECE385/lab7_usb/output_files/lab7_usb.map.smsg
Error: Quartus II 64-Bit Analysis & Synthesis was unsuccessful. 21 errors, 27 warnings
    Error: Peak virtual memory: 608 megabytes
    Error: Processing ended: Sun Oct 19 22:09:42 2014
    Error: Elapsed time: 00:00:06
    Error: Total CPU time (on all processors): 00:00:05


+------------------------------------------+
; Analysis & Synthesis Suppressed Messages ;
+------------------------------------------+
The suppressed messages can be found in G:/Course/ECE/ECE385/lab7_usb/output_files/lab7_usb.map.smsg.


