
**** Build of configuration Nios II for project usb_kb ****

make all 
      1 [main] sh 5256 find_fast_cwd: WARNING: Couldn't compute FAST_CWD pointer.  Please report this problem to
the public mailing list cygwin@cygwin.com
      1 [main] sh 11348 find_fast_cwd: WARNING: Couldn't compute FAST_CWD pointer.  Please report this problem to
the public mailing list cygwin@cygwin.com
      0 [main] echo 5572 find_fast_cwd: WARNING: Couldn't compute FAST_CWD pointer.  Please report this problem to
the public mailing list cygwin@cygwin.com
Info: Building ../usb_kb_bsp/
make --no-print-directory -C ../usb_kb_bsp/
      1 [main] pwd 6992 find_fast_cwd: WARNING: Couldn't compute FAST_CWD pointer.  Please report this problem to
the public mailing list cygwin@cygwin.com
      1 [main] sh 6440 find_fast_cwd: WARNING: Couldn't compute FAST_CWD pointer.  Please report this problem to
the public mailing list cygwin@cygwin.com
      1 [main] sh 7652 find_fast_cwd: WARNING: Couldn't compute FAST_CWD pointer.  Please report this problem to
the public mailing list cygwin@cygwin.com
[BSP build complete]
      1 [main] echo 12696 find_fast_cwd: WARNING: Couldn't compute FAST_CWD pointer.  Please report this problem to
the public mailing list cygwin@cygwin.com
Info: Compiling main.c to obj/default/main.o
      1 [main] mkdir 13760 find_fast_cwd: WARNING: Couldn't compute FAST_CWD pointer.  Please report this problem to
the public mailing list cygwin@cygwin.com
nios2-elf-gcc -xc -MP -MMD -c -I../usb_kb_bsp//HAL/inc -I../usb_kb_bsp/ -I../usb_kb_bsp//drivers/inc  -DSYSTEM_BUS_WIDTH=32 -pipe -D__hal__ -DALT_NO_INSTRUCTION_EMULATION -DALT_SINGLE_THREADED    -O0 -g -Wall   -mno-hw-div -mno-hw-mul -mno-hw-mulx  -o obj/default/main.o main.c
main.c: In function 'main':
main.c:45:6: warning: unused variable 'i' [-Wunused-variable]
      1 [main] true 11712 find_fast_cwd: WARNING: Couldn't compute FAST_CWD pointer.  Please report this problem to
the public mailing list cygwin@cygwin.com
      1 [main] echo 15704 find_fast_cwd: WARNING: Couldn't compute FAST_CWD pointer.  Please report this problem to
the public mailing list cygwin@cygwin.com
Info: Linking usb_kb.elf
nios2-elf-g++  -T'../usb_kb_bsp//linker.x' -msys-crt0='../usb_kb_bsp//obj/HAL/src/crt0.o' -msys-lib=hal_bsp -L../usb_kb_bsp/   -Wl,-Map=usb_kb.map   -O0 -g -Wall   -mno-hw-div -mno-hw-mul -mno-hw-mulx  -o usb_kb.elf obj/default/main.o obj/default/usb.o -lm 
nios2-elf-insert usb_kb.elf --thread_model hal --cpu_name cpu --qsys true --simulation_enabled false --stderr_dev jtag_uart --stdin_dev jtag_uart --stdout_dev jtag_uart --sopc_system_name usb_system --quartus_project_dir "G:/Course/ECE/ECE385/lab7_usb" --sopcinfo G:/Course/ECE/ECE385/lab7_usb/software/usb_kb_bsp/../../usb_system.sopcinfo
      1 [main] sh 15052 find_fast_cwd: WARNING: Couldn't compute FAST_CWD pointer.  Please report this problem to
the public mailing list cygwin@cygwin.com
      1 [main] uname 9252 find_fast_cwd: WARNING: Couldn't compute FAST_CWD pointer.  Please report this problem to
the public mailing list cygwin@cygwin.com
      1 [main] sh 6224 find_fast_cwd: WARNING: Couldn't compute FAST_CWD pointer.  Please report this problem to
the public mailing list cygwin@cygwin.com
Info: (usb_kb.elf) 65 KBytes program size (code + initialized data).
Info:              130999 KBytes free for stack + heap.
      1 [main] echo 13216 find_fast_cwd: WARNING: Couldn't compute FAST_CWD pointer.  Please report this problem to
the public mailing list cygwin@cygwin.com
Info: Creating usb_kb.objdump
nios2-elf-objdump --disassemble --syms --all-header --source usb_kb.elf >usb_kb.objdump
      1 [main] sh 5964 find_fast_cwd: WARNING: Couldn't compute FAST_CWD pointer.  Please report this problem to
the public mailing list cygwin@cygwin.com
      1 [main] sh 10460 find_fast_cwd: WARNING: Couldn't compute FAST_CWD pointer.  Please report this problem to
the public mailing list cygwin@cygwin.com
[usb_kb build complete]

**** Build Finished ****
